IQ-TREE multicore version 2.2.0-beta COVID-edition for Linux 64-bit built Dec 21 2021 built Dec 21 2021
Developed by Bui Quang Minh, James Barbetti, Nguyen Lam Tung,
Olga Chernomor, Heiko Schmidt, Dominik Schrempf, Michael Woodhams, Ly Trong Nhan.

Host:    deivos (AVX, 125 GB RAM)
Command: iqtree2 -ninit 2 -n 2 -me 0.05 -nt 8 -s augur/aligned-delim.fasta -m GTR -ninit 10 -n 4
Seed:    197528 (Using SPRNG - Scalable Parallel Random Number Generator)
Time:    Tue Jan  4 00:49:49 2022
Kernel:  AVX - 8 threads (12 CPU cores detected)

Reading alignment file augur/aligned-delim.fasta ... Fasta format detected
Reading fasta file: done in 0.150972 secs using 90.85% CPU
Alignment most likely contains DNA/RNA sequences
Constructing alignment: done in 0.098417 secs using 104.4% CPU
Alignment has 271 sequences with 29903 columns, 13405 distinct patterns
593 parsimony-informative, 1617 singleton sites, 27693 constant sites
                                                                                                                                                                                                      Gap/Ambiguity  Composition  p-value
Analyzing sequences: done in 0.00583603 secs using 790.1% CPU
   1  MN908947.3                                                                                                                                                                                              0.00%    passed     99.07%
   2  Wuhan_DELIM-BHZUBFERLANCDLXAATZY_Hu-1_DELIM-BHZUBFERLANCDLXAATZY_2019                                                                                                                                   1.75%    passed     68.65%
   3  hCoV-19_DELIM-BHZUBFERLANCDLXAATZY_Wuhan_DELIM-BHZUBFERLANCDLXAATZY_Hu-1_DELIM-BHZUBFERLANCDLXAATZY_2019_DELIM-XWEIWVGRKXNNGBSKOPZS_2019-12-31_DELIM-XWEIWVGRKXNNGBSKOPZS_2020-01-12                    1.75%    passed     68.65%
   4  hCoV-19_DELIM-BHZUBFERLANCDLXAATZY_Scotland_DELIM-BHZUBFERLANCDLXAATZY_CVR7809_DELIM-BHZUBFERLANCDLXAATZY_2021_DELIM-XWEIWVGRKXNNGBSKOPZS_2021-06-17_DELIM-XWEIWVGRKXNNGBSKOPZS_2021-06-28              2.71%    passed     68.39%
   5  hCoV-19_DELIM-BHZUBFERLANCDLXAATZY_England_DELIM-BHZUBFERLANCDLXAATZY_OXON-FA0CA5_DELIM-BHZUBFERLANCDLXAATZY_2020_DELIM-XWEIWVGRKXNNGBSKOPZS_2020-11-19_DELIM-XWEIWVGRKXNNGBSKOPZS_2021-07-19           1.75%    passed     69.06%
   6  hCoV-19_DELIM-BHZUBFERLANCDLXAATZY_England_DELIM-BHZUBFERLANCDLXAATZY_MILK-ACFE45_DELIM-BHZUBFERLANCDLXAATZY_2020_DELIM-XWEIWVGRKXNNGBSKOPZS_2020-10-22_DELIM-XWEIWVGRKXNNGBSKOPZS_2020-11-23           1.86%    passed     92.82%
   7  KB-D-002                                                                                                                                                                                                1.76%    passed     82.00%
   8  hCoV-19_DELIM-BHZUBFERLANCDLXAATZY_USA_DELIM-BHZUBFERLANCDLXAATZY_MI-CDC-STM-RJE5H779C_DELIM-BHZUBFERLANCDLXAATZY_2021_DELIM-XWEIWVGRKXNNGBSKOPZS_2021-11-29_DELIM-XWEIWVGRKXNNGBSKOPZS_2021-12-10      1.75%    passed     77.04%
   9  hCoV-19_DELIM-BHZUBFERLANCDLXAATZY_England_DELIM-BHZUBFERLANCDLXAATZY_PHEC-1B4F7_DELIM-BHZUBFERLANCDLXAATZY_2020_DELIM-XWEIWVGRKXNNGBSKOPZS_2020-04-02_DELIM-XWEIWVGRKXNNGBSKOPZS_2021-06-30            1.83%    passed     98.47%
  10  hCoV-19_DELIM-BHZUBFERLANCDLXAATZY_USA_DELIM-BHZUBFERLANCDLXAATZY_FL-CDC-STM-000025832_DELIM-BHZUBFERLANCDLXAATZY_2021_DELIM-XWEIWVGRKXNNGBSKOPZS_2021-02-26_DELIM-XWEIWVGRKXNNGBSKOPZS_2021-03-17      1.78%    passed     99.80%
  11  hCoV-19_DELIM-BHZUBFERLANCDLXAATZY_England_DELIM-BHZUBFERLANCDLXAATZY_CAMC-BBBD99_DELIM-BHZUBFERLANCDLXAATZY_2020_DELIM-XWEIWVGRKXNNGBSKOPZS_2020-11-21_DELIM-XWEIWVGRKXNNGBSKOPZS_2020-12-14           2.06%    passed     98.57%
  12  hCoV-19_DELIM-BHZUBFERLANCDLXAATZY_England_DELIM-BHZUBFERLANCDLXAATZY_LIVE-DDA6C4_DELIM-BHZUBFERLANCDLXAATZY_2021_DELIM-XWEIWVGRKXNNGBSKOPZS_2021-01-10_DELIM-XWEIWVGRKXNNGBSKOPZS_2021-01-25           4.84%    passed     97.95%
  13  hCoV-19_DELIM-BHZUBFERLANCDLXAATZY_USA_DELIM-BHZUBFERLANCDLXAATZY_PA-CDC-STM-000035416_DELIM-BHZUBFERLANCDLXAATZY_2021_DELIM-XWEIWVGRKXNNGBSKOPZS_2021-03-13_DELIM-XWEIWVGRKXNNGBSKOPZS_2021-04-02      1.82%    passed     99.94%
  14  hCoV-19_DELIM-BHZUBFERLANCDLXAATZY_England_DELIM-BHZUBFERLANCDLXAATZY_LIVE-DB62D9_DELIM-BHZUBFERLANCDLXAATZY_2020_DELIM-XWEIWVGRKXNNGBSKOPZS_2020-11-07_DELIM-XWEIWVGRKXNNGBSKOPZS_2020-11-23           8.40%    passed     94.41%
  15  hCoV-19_DELIM-BHZUBFERLANCDLXAATZY_England_DELIM-BHZUBFERLANCDLXAATZY_LIVE-A58BA_DELIM-BHZUBFERLANCDLXAATZY_2020_DELIM-XWEIWVGRKXNNGBSKOPZS_2020-03-20_DELIM-XWEIWVGRKXNNGBSKOPZS_2020-07-28            1.81%    passed     99.50%
  16  hCoV-19_DELIM-BHZUBFERLANCDLXAATZY_England_DELIM-BHZUBFERLANCDLXAATZY_LIVE-9A4F0_DELIM-BHZUBFERLANCDLXAATZY_2020_DELIM-XWEIWVGRKXNNGBSKOPZS_2020-03-25_DELIM-XWEIWVGRKXNNGBSKOPZS_2020-05-19            8.35%    passed     85.38%
  17  hCoV-19_DELIM-BHZUBFERLANCDLXAATZY_USA_DELIM-BHZUBFERLANCDLXAATZY_MA-CDC-STM-000021287_DELIM-BHZUBFERLANCDLXAATZY_2021_DELIM-XWEIWVGRKXNNGBSKOPZS_2021-02-21_DELIM-XWEIWVGRKXNNGBSKOPZS_2021-03-17      1.75%    passed     99.96%
  18  hCoV-19_DELIM-BHZUBFERLANCDLXAATZY_USA_DELIM-BHZUBFERLANCDLXAATZY_NC-CDC-STM-000017344_DELIM-BHZUBFERLANCDLXAATZY_2021_DELIM-XWEIWVGRKXNNGBSKOPZS_2021-02-17_DELIM-XWEIWVGRKXNNGBSKOPZS_2021-03-17      1.75%    passed     99.97%
  19  hCoV-19_DELIM-BHZUBFERLANCDLXAATZY_USA_DELIM-BHZUBFERLANCDLXAATZY_IL-CDC-ASC210175814_DELIM-BHZUBFERLANCDLXAATZY_2021_DELIM-XWEIWVGRKXNNGBSKOPZS_2021-08-26_DELIM-XWEIWVGRKXNNGBSKOPZS_2021-10-06       2.75%    passed     97.64%
  20  hCoV-19_DELIM-BHZUBFERLANCDLXAATZY_USA_DELIM-BHZUBFERLANCDLXAATZY_CO-CDC-2-4194872_DELIM-BHZUBFERLANCDLXAATZY_2020_DELIM-XWEIWVGRKXNNGBSKOPZS_2020-12-17_DELIM-XWEIWVGRKXNNGBSKOPZS_2021-04-24          1.76%    passed     99.13%
  21  hCoV-19_DELIM-BHZUBFERLANCDLXAATZY_USA_DELIM-BHZUBFERLANCDLXAATZY_CO-CDC-2-4194788_DELIM-BHZUBFERLANCDLXAATZY_2020_DELIM-XWEIWVGRKXNNGBSKOPZS_2020-12-17_DELIM-XWEIWVGRKXNNGBSKOPZS_2021-04-24          1.76%    passed     98.77%
  22  hCoV-19_DELIM-BHZUBFERLANCDLXAATZY_USA_DELIM-BHZUBFERLANCDLXAATZY_OR-CDC-2-4195152_DELIM-BHZUBFERLANCDLXAATZY_2020_DELIM-XWEIWVGRKXNNGBSKOPZS_2020-12-24_DELIM-XWEIWVGRKXNNGBSKOPZS_2021-04-24          1.76%    passed     99.27%
  23  hCoV-19_DELIM-BHZUBFERLANCDLXAATZY_USA_DELIM-BHZUBFERLANCDLXAATZY_GA-EHC-214H_DELIM-BHZUBFERLANCDLXAATZY_2020_DELIM-XWEIWVGRKXNNGBSKOPZS_2020-04-23_DELIM-XWEIWVGRKXNNGBSKOPZS_2021-05-28               1.75%    passed     99.37%
  24  hCoV-19_DELIM-BHZUBFERLANCDLXAATZY_USA_DELIM-BHZUBFERLANCDLXAATZY_OR-CDC-2-4194772_DELIM-BHZUBFERLANCDLXAATZY_2020_DELIM-XWEIWVGRKXNNGBSKOPZS_2020-12-17_DELIM-XWEIWVGRKXNNGBSKOPZS_2021-04-24          1.76%    passed     99.07%
  25  hCoV-19_DELIM-BHZUBFERLANCDLXAATZY_USA_DELIM-BHZUBFERLANCDLXAATZY_MS-CDC-2-4058177_DELIM-BHZUBFERLANCDLXAATZY_2021_DELIM-XWEIWVGRKXNNGBSKOPZS_2021-03-05_DELIM-XWEIWVGRKXNNGBSKOPZS_2021-04-01          1.76%    passed     99.20%
  26  hCoV-19_DELIM-BHZUBFERLANCDLXAATZY_USA_DELIM-BHZUBFERLANCDLXAATZY_GA-EHC-264F_DELIM-BHZUBFERLANCDLXAATZY_2020_DELIM-XWEIWVGRKXNNGBSKOPZS_2020-05-09_DELIM-XWEIWVGRKXNNGBSKOPZS_2021-05-28               1.76%    passed     99.46%
  27  hCoV-19_DELIM-BHZUBFERLANCDLXAATZY_USA_DELIM-BHZUBFERLANCDLXAATZY_IN-CDC-2-3903574_DELIM-BHZUBFERLANCDLXAATZY_2021_DELIM-XWEIWVGRKXNNGBSKOPZS_2021-02-05_DELIM-XWEIWVGRKXNNGBSKOPZS_2021-08-12          3.15%    passed     98.52%
  28  hCoV-19_DELIM-BHZUBFERLANCDLXAATZY_USA_DELIM-BHZUBFERLANCDLXAATZY_UN-CDC-4227109-001_DELIM-BHZUBFERLANCDLXAATZY_2021_DELIM-XWEIWVGRKXNNGBSKOPZS_2021-01-12_DELIM-XWEIWVGRKXNNGBSKOPZS_2021-09-09        1.79%    passed     99.90%
  29  KB-B-001                                                                                                                                                                                                1.76%    passed     94.59%
  30  hCoV-19_DELIM-BHZUBFERLANCDLXAATZY_USA_DELIM-BHZUBFERLANCDLXAATZY_GA-EHC-227U_DELIM-BHZUBFERLANCDLXAATZY_2020_DELIM-XWEIWVGRKXNNGBSKOPZS_2020-04-30_DELIM-XWEIWVGRKXNNGBSKOPZS_2021-05-28               1.81%    passed     99.68%
  31  hCoV-19_DELIM-BHZUBFERLANCDLXAATZY_USA_DELIM-BHZUBFERLANCDLXAATZY_NC-CDC-2-4011969_DELIM-BHZUBFERLANCDLXAATZY_2021_DELIM-XWEIWVGRKXNNGBSKOPZS_2021-02-12_DELIM-XWEIWVGRKXNNGBSKOPZS_2021-08-12          1.82%    passed     99.98%
  32  hCoV-19_DELIM-BHZUBFERLANCDLXAATZY_USA_DELIM-BHZUBFERLANCDLXAATZY_IN-CDC-ASC210522403_DELIM-BHZUBFERLANCDLXAATZY_2021_DELIM-XWEIWVGRKXNNGBSKOPZS_2021-11-05_DELIM-XWEIWVGRKXNNGBSKOPZS_2021-11-26       2.03%    passed     99.99%
  33  Wuhan_DELIM-BHZUBFERLANCDLXAATZY_WH01_DELIM-BHZUBFERLANCDLXAATZY_2019                                                                                                                                   1.75%    passed     99.97%
  34  hCoV-19_DELIM-BHZUBFERLANCDLXAATZY_Wuhan_DELIM-BHZUBFERLANCDLXAATZY_WH01_DELIM-BHZUBFERLANCDLXAATZY_2019_DELIM-XWEIWVGRKXNNGBSKOPZS_2019-12-26_DELIM-XWEIWVGRKXNNGBSKOPZS_2020-01-30                    1.75%    passed     99.97%
  35  hCoV-19_DELIM-BHZUBFERLANCDLXAATZY_England_DELIM-BHZUBFERLANCDLXAATZY_PHEC-30418E_DELIM-BHZUBFERLANCDLXAATZY_2021_DELIM-XWEIWVGRKXNNGBSKOPZS_2021_DELIM-XWEIWVGRKXNNGBSKOPZS_2021-06-30                 1.88%    passed     99.81%
  36  hCoV-19_DELIM-BHZUBFERLANCDLXAATZY_England_DELIM-BHZUBFERLANCDLXAATZY_PHEC-Y303YD7C_DELIM-BHZUBFERLANCDLXAATZY_2021_DELIM-XWEIWVGRKXNNGBSKOPZS_2021-09-09_DELIM-XWEIWVGRKXNNGBSKOPZS_2021-09-13         4.08%    passed     99.77%
  37  hCoV-19_DELIM-BHZUBFERLANCDLXAATZY_USA_DELIM-BHZUBFERLANCDLXAATZY_FL-CDC-STM-000728974_DELIM-BHZUBFERLANCDLXAATZY_2021_DELIM-XWEIWVGRKXNNGBSKOPZS_2021-09-07_DELIM-XWEIWVGRKXNNGBSKOPZS_2021-11-16      1.90%    passed     99.89%
  38  hCoV-19_DELIM-BHZUBFERLANCDLXAATZY_USA_DELIM-BHZUBFERLANCDLXAATZY_MI-CDC-ASC210391786_DELIM-BHZUBFERLANCDLXAATZY_2021_DELIM-XWEIWVGRKXNNGBSKOPZS_2021-11-06_DELIM-XWEIWVGRKXNNGBSKOPZS_2021-12-21       1.89%    passed     99.92%
  39  hCoV-19_DELIM-BHZUBFERLANCDLXAATZY_USA_DELIM-BHZUBFERLANCDLXAATZY_CA-CDC-ASC210512044_DELIM-BHZUBFERLANCDLXAATZY_2021_DELIM-XWEIWVGRKXNNGBSKOPZS_2021-11-29_DELIM-XWEIWVGRKXNNGBSKOPZS_2021-12-23       1.89%    passed     99.77%
  40  hCoV-19_DELIM-BHZUBFERLANCDLXAATZY_USA_DELIM-BHZUBFERLANCDLXAATZY_IL-CDC-ASC210401595_DELIM-BHZUBFERLANCDLXAATZY_2021_DELIM-XWEIWVGRKXNNGBSKOPZS_2021-11-14_DELIM-XWEIWVGRKXNNGBSKOPZS_2021-12-21       2.04%    passed     99.24%
  41  hCoV-19_DELIM-BHZUBFERLANCDLXAATZY_USA_DELIM-BHZUBFERLANCDLXAATZY_NY-CDC-ASC210431395_DELIM-BHZUBFERLANCDLXAATZY_2021_DELIM-XWEIWVGRKXNNGBSKOPZS_2021-11-23_DELIM-XWEIWVGRKXNNGBSKOPZS_2021-12-23       3.47%    passed     88.47%
  42  hCoV-19_DELIM-BHZUBFERLANCDLXAATZY_USA_DELIM-BHZUBFERLANCDLXAATZY_GA-CDC-STM-000718937_DELIM-BHZUBFERLANCDLXAATZY_2021_DELIM-XWEIWVGRKXNNGBSKOPZS_2021-08-07_DELIM-XWEIWVGRKXNNGBSKOPZS_2021-11-18      4.88%    passed     97.08%
  43  hCoV-19_DELIM-BHZUBFERLANCDLXAATZY_USA_DELIM-BHZUBFERLANCDLXAATZY_OH-CDC-ASC210429048_DELIM-BHZUBFERLANCDLXAATZY_2021_DELIM-XWEIWVGRKXNNGBSKOPZS_2021-11-20_DELIM-XWEIWVGRKXNNGBSKOPZS_2021-12-15       2.16%    passed     99.62%
  44  hCoV-19_DELIM-BHZUBFERLANCDLXAATZY_USA_DELIM-BHZUBFERLANCDLXAATZY_NC-CDC-STM-000027453_DELIM-BHZUBFERLANCDLXAATZY_2021_DELIM-XWEIWVGRKXNNGBSKOPZS_2021-02-28_DELIM-XWEIWVGRKXNNGBSKOPZS_2021-03-19      1.75%    passed     99.88%
  45  hCoV-19_DELIM-BHZUBFERLANCDLXAATZY_England_DELIM-BHZUBFERLANCDLXAATZY_LOND-1250260_DELIM-BHZUBFERLANCDLXAATZY_2020_DELIM-XWEIWVGRKXNNGBSKOPZS_2020-03-18_DELIM-XWEIWVGRKXNNGBSKOPZS_2020-11-30          7.52%    passed     94.69%
  46  hCoV-19_DELIM-BHZUBFERLANCDLXAATZY_USA_DELIM-BHZUBFERLANCDLXAATZY_AZ-CDC-STM-000015317_DELIM-BHZUBFERLANCDLXAATZY_2021_DELIM-XWEIWVGRKXNNGBSKOPZS_2021-02-15_DELIM-XWEIWVGRKXNNGBSKOPZS_2021-03-17      1.75%    passed     99.98%
  47  hCoV-19_DELIM-BHZUBFERLANCDLXAATZY_England_DELIM-BHZUBFERLANCDLXAATZY_MILK-9AA05A_DELIM-BHZUBFERLANCDLXAATZY_2020_DELIM-XWEIWVGRKXNNGBSKOPZS_2020-08-31_DELIM-XWEIWVGRKXNNGBSKOPZS_2020-09-28           2.03%    passed     99.22%
  48  hCoV-19_DELIM-BHZUBFERLANCDLXAATZY_USA_DELIM-BHZUBFERLANCDLXAATZY_NC-CDC-STM-000019284_DELIM-BHZUBFERLANCDLXAATZY_2021_DELIM-XWEIWVGRKXNNGBSKOPZS_2021-02-17_DELIM-XWEIWVGRKXNNGBSKOPZS_2021-03-17      1.75%    passed     99.88%
  49  hCoV-19_DELIM-BHZUBFERLANCDLXAATZY_USA_DELIM-BHZUBFERLANCDLXAATZY_CA-CDC-FG-010935_DELIM-BHZUBFERLANCDLXAATZY_2021_DELIM-XWEIWVGRKXNNGBSKOPZS_2021-03-19_DELIM-XWEIWVGRKXNNGBSKOPZS_2021-04-02          2.49%    passed     98.74%
  50  hCoV-19_DELIM-BHZUBFERLANCDLXAATZY_USA_DELIM-BHZUBFERLANCDLXAATZY_FL-CDC-FG-011536_DELIM-BHZUBFERLANCDLXAATZY_2021_DELIM-XWEIWVGRKXNNGBSKOPZS_2021-03-08_DELIM-XWEIWVGRKXNNGBSKOPZS_2021-04-02          2.87%    passed     99.83%
  51  hCoV-19_DELIM-BHZUBFERLANCDLXAATZY_USA_DELIM-BHZUBFERLANCDLXAATZY_CA-CDC-FG-019269_DELIM-BHZUBFERLANCDLXAATZY_2021_DELIM-XWEIWVGRKXNNGBSKOPZS_2021-04-01_DELIM-XWEIWVGRKXNNGBSKOPZS_2021-04-15          2.86%    passed     99.79%
  52  hCoV-19_DELIM-BHZUBFERLANCDLXAATZY_USA_DELIM-BHZUBFERLANCDLXAATZY_CA-CDC-FG-012812_DELIM-BHZUBFERLANCDLXAATZY_2021_DELIM-XWEIWVGRKXNNGBSKOPZS_2021-03-22_DELIM-XWEIWVGRKXNNGBSKOPZS_2021-04-02          2.87%    passed     99.79%
  53  hCoV-19_DELIM-BHZUBFERLANCDLXAATZY_USA_DELIM-BHZUBFERLANCDLXAATZY_FL-CDC-ASC210001341_DELIM-BHZUBFERLANCDLXAATZY_2021_DELIM-XWEIWVGRKXNNGBSKOPZS_2021-03-04_DELIM-XWEIWVGRKXNNGBSKOPZS_2021-05-24       1.75%    passed     99.97%
  54  hCoV-19_DELIM-BHZUBFERLANCDLXAATZY_USA_DELIM-BHZUBFERLANCDLXAATZY_CA-CDC-FG-021483_DELIM-BHZUBFERLANCDLXAATZY_2021_DELIM-XWEIWVGRKXNNGBSKOPZS_2021-04-13_DELIM-XWEIWVGRKXNNGBSKOPZS_2021-04-21          2.75%    passed     99.56%
  55  hCoV-19_DELIM-BHZUBFERLANCDLXAATZY_USA_DELIM-BHZUBFERLANCDLXAATZY_CA-CDC-FG-006604_DELIM-BHZUBFERLANCDLXAATZY_2021_DELIM-XWEIWVGRKXNNGBSKOPZS_2021-03-02_DELIM-XWEIWVGRKXNNGBSKOPZS_2021-10-07          2.74%    passed     99.36%
  56  hCoV-19_DELIM-BHZUBFERLANCDLXAATZY_USA_DELIM-BHZUBFERLANCDLXAATZY_CA-CDC-FG-081499_DELIM-BHZUBFERLANCDLXAATZY_2021_DELIM-XWEIWVGRKXNNGBSKOPZS_2021-08-16_DELIM-XWEIWVGRKXNNGBSKOPZS_2021-08-24         10.09%    passed     97.26%
  57  hCoV-19_DELIM-BHZUBFERLANCDLXAATZY_USA_DELIM-BHZUBFERLANCDLXAATZY_MI-CDC-ASC210013548_DELIM-BHZUBFERLANCDLXAATZY_2021_DELIM-XWEIWVGRKXNNGBSKOPZS_2021-03-21_DELIM-XWEIWVGRKXNNGBSKOPZS_2021-06-10       4.14%    passed     98.53%
  58  hCoV-19_DELIM-BHZUBFERLANCDLXAATZY_USA_DELIM-BHZUBFERLANCDLXAATZY_FL-CDC-ASC210231292_DELIM-BHZUBFERLANCDLXAATZY_2021_DELIM-XWEIWVGRKXNNGBSKOPZS_2021-07-27_DELIM-XWEIWVGRKXNNGBSKOPZS_2021-09-01       5.09%    passed     99.38%
  59  hCoV-19_DELIM-BHZUBFERLANCDLXAATZY_USA_DELIM-BHZUBFERLANCDLXAATZY_NY-CDC-FG-195684_DELIM-BHZUBFERLANCDLXAATZY_2021_DELIM-XWEIWVGRKXNNGBSKOPZS_2021-12-08_DELIM-XWEIWVGRKXNNGBSKOPZS_2021-12-25          1.93%    passed     99.35%
  60  hCoV-19_DELIM-BHZUBFERLANCDLXAATZY_USA_DELIM-BHZUBFERLANCDLXAATZY_CA-CDC-FG-185174_DELIM-BHZUBFERLANCDLXAATZY_2021_DELIM-XWEIWVGRKXNNGBSKOPZS_2021-12-02_DELIM-XWEIWVGRKXNNGBSKOPZS_2021-12-12          2.39%    passed     98.98%
  61  hCoV-19_DELIM-BHZUBFERLANCDLXAATZY_USA_DELIM-BHZUBFERLANCDLXAATZY_CA-CDC-FG-167918_DELIM-BHZUBFERLANCDLXAATZY_2021_DELIM-XWEIWVGRKXNNGBSKOPZS_2021-11-10_DELIM-XWEIWVGRKXNNGBSKOPZS_2021-11-19          1.89%    passed     98.87%
  62  hCoV-19_DELIM-BHZUBFERLANCDLXAATZY_USA_DELIM-BHZUBFERLANCDLXAATZY_CA-CDC-FG-090997_DELIM-BHZUBFERLANCDLXAATZY_2021_DELIM-XWEIWVGRKXNNGBSKOPZS_2021-08-18_DELIM-XWEIWVGRKXNNGBSKOPZS_2021-09-08          5.10%    passed     99.36%
  63  hCoV-19_DELIM-BHZUBFERLANCDLXAATZY_USA_DELIM-BHZUBFERLANCDLXAATZY_CA-CDC-FG-137808_DELIM-BHZUBFERLANCDLXAATZY_2021_DELIM-XWEIWVGRKXNNGBSKOPZS_2021-09-27_DELIM-XWEIWVGRKXNNGBSKOPZS_2021-10-06          9.76%    passed     95.45%
  64  hCoV-19_DELIM-BHZUBFERLANCDLXAATZY_USA_DELIM-BHZUBFERLANCDLXAATZY_AR-CDC-2-4012868_DELIM-BHZUBFERLANCDLXAATZY_2021_DELIM-XWEIWVGRKXNNGBSKOPZS_2021-02-02_DELIM-XWEIWVGRKXNNGBSKOPZS_2021-03-23          1.75%    passed     99.93%
  65  hCoV-19_DELIM-BHZUBFERLANCDLXAATZY_USA_DELIM-BHZUBFERLANCDLXAATZY_CA-CDC-2-3850543_DELIM-BHZUBFERLANCDLXAATZY_2021_DELIM-XWEIWVGRKXNNGBSKOPZS_2021-01-26_DELIM-XWEIWVGRKXNNGBSKOPZS_2021-08-12          2.87%    passed     99.93%
  66  hCoV-19_DELIM-BHZUBFERLANCDLXAATZY_USA_DELIM-BHZUBFERLANCDLXAATZY_FL-CDC-STM-000715766_DELIM-BHZUBFERLANCDLXAATZY_2021_DELIM-XWEIWVGRKXNNGBSKOPZS_2021-08-01_DELIM-XWEIWVGRKXNNGBSKOPZS_2021-11-18      1.76%    passed     99.61%
  67  hCoV-19_DELIM-BHZUBFERLANCDLXAATZY_USA_DELIM-BHZUBFERLANCDLXAATZY_FL-CDC-STM-000705666_DELIM-BHZUBFERLANCDLXAATZY_2021_DELIM-XWEIWVGRKXNNGBSKOPZS_2021-07-02_DELIM-XWEIWVGRKXNNGBSKOPZS_2021-11-18      2.78%    passed     99.96%
  68  hCoV-19_DELIM-BHZUBFERLANCDLXAATZY_USA_DELIM-BHZUBFERLANCDLXAATZY_MI-CDC-STM-5YHNKE6H9_DELIM-BHZUBFERLANCDLXAATZY_2021_DELIM-XWEIWVGRKXNNGBSKOPZS_2021-11-17_DELIM-XWEIWVGRKXNNGBSKOPZS_2021-12-06      5.63%    passed     94.10%
  69  hCoV-19_DELIM-BHZUBFERLANCDLXAATZY_USA_DELIM-BHZUBFERLANCDLXAATZY_MO-CDC-ASC210106408_DELIM-BHZUBFERLANCDLXAATZY_2021_DELIM-XWEIWVGRKXNNGBSKOPZS_2021-06-01_DELIM-XWEIWVGRKXNNGBSKOPZS_2021-06-14       1.80%    passed     99.93%
  70  hCoV-19_DELIM-BHZUBFERLANCDLXAATZY_Scotland_DELIM-BHZUBFERLANCDLXAATZY_QEUH-10672A4_DELIM-BHZUBFERLANCDLXAATZY_2021_DELIM-XWEIWVGRKXNNGBSKOPZS_2021-01-17_DELIM-XWEIWVGRKXNNGBSKOPZS_2021-02-03         1.98%    passed     99.90%
  71  hCoV-19_DELIM-BHZUBFERLANCDLXAATZY_England_DELIM-BHZUBFERLANCDLXAATZY_PHEC-3L049L3B_DELIM-BHZUBFERLANCDLXAATZY_2021_DELIM-XWEIWVGRKXNNGBSKOPZS_2021-10-13_DELIM-XWEIWVGRKXNNGBSKOPZS_2021-10-25         2.81%    passed     99.92%
  72  hCoV-19_DELIM-BHZUBFERLANCDLXAATZY_England_DELIM-BHZUBFERLANCDLXAATZY_QEUH-9B9B0C_DELIM-BHZUBFERLANCDLXAATZY_2020_DELIM-XWEIWVGRKXNNGBSKOPZS_2020-09-07_DELIM-XWEIWVGRKXNNGBSKOPZS_2020-09-28           1.98%    passed     99.33%
  73  hCoV-19_DELIM-BHZUBFERLANCDLXAATZY_England_DELIM-BHZUBFERLANCDLXAATZY_CAMB-7BC93_DELIM-BHZUBFERLANCDLXAATZY_2020_DELIM-XWEIWVGRKXNNGBSKOPZS_2020-04-04_DELIM-XWEIWVGRKXNNGBSKOPZS_2020-05-12            1.98%    passed     99.54%
  74  hCoV-19_DELIM-BHZUBFERLANCDLXAATZY_England_DELIM-BHZUBFERLANCDLXAATZY_EXET-136E33_DELIM-BHZUBFERLANCDLXAATZY_2020_DELIM-XWEIWVGRKXNNGBSKOPZS_2020-04-22_DELIM-XWEIWVGRKXNNGBSKOPZS_2020-06-23           2.91%    passed     98.15%
  75  hCoV-19_DELIM-BHZUBFERLANCDLXAATZY_England_DELIM-BHZUBFERLANCDLXAATZY_LOND-1260C41_DELIM-BHZUBFERLANCDLXAATZY_2020_DELIM-XWEIWVGRKXNNGBSKOPZS_2020-03-18_DELIM-XWEIWVGRKXNNGBSKOPZS_2020-08-28          1.98%    passed     99.48%
  76  hCoV-19_DELIM-BHZUBFERLANCDLXAATZY_England_DELIM-BHZUBFERLANCDLXAATZY_SHEF-CA1B4_DELIM-BHZUBFERLANCDLXAATZY_2020_DELIM-XWEIWVGRKXNNGBSKOPZS_2020-04-01_DELIM-XWEIWVGRKXNNGBSKOPZS_2020-04-29            4.43%    passed     99.42%
  77  hCoV-19_DELIM-BHZUBFERLANCDLXAATZY_England_DELIM-BHZUBFERLANCDLXAATZY_BRIS-1253DE_DELIM-BHZUBFERLANCDLXAATZY_2020_DELIM-XWEIWVGRKXNNGBSKOPZS_2020-03-27_DELIM-XWEIWVGRKXNNGBSKOPZS_2020-05-12           2.93%    passed     99.09%
  78  hCoV-19_DELIM-BHZUBFERLANCDLXAATZY_England_DELIM-BHZUBFERLANCDLXAATZY_CAMB-73949_DELIM-BHZUBFERLANCDLXAATZY_2020_DELIM-XWEIWVGRKXNNGBSKOPZS_2020-03-30_DELIM-XWEIWVGRKXNNGBSKOPZS_2020-04-14            1.98%    passed     99.64%
  79  hCoV-19_DELIM-BHZUBFERLANCDLXAATZY_England_DELIM-BHZUBFERLANCDLXAATZY_HECH-2599DEC_DELIM-BHZUBFERLANCDLXAATZY_2020_DELIM-XWEIWVGRKXNNGBSKOPZS_2020-05-06_DELIM-XWEIWVGRKXNNGBSKOPZS_2020-07-03          1.98%    passed     99.42%
  80  hCoV-19_DELIM-BHZUBFERLANCDLXAATZY_England_DELIM-BHZUBFERLANCDLXAATZY_NORT-288D9E_DELIM-BHZUBFERLANCDLXAATZY_2020_DELIM-XWEIWVGRKXNNGBSKOPZS_2020-03-22_DELIM-XWEIWVGRKXNNGBSKOPZS_2020-05-27           5.60%    passed     97.60%
  81  hCoV-19_DELIM-BHZUBFERLANCDLXAATZY_England_DELIM-BHZUBFERLANCDLXAATZY_CAMB-7C403_DELIM-BHZUBFERLANCDLXAATZY_2020_DELIM-XWEIWVGRKXNNGBSKOPZS_2020-04-05_DELIM-XWEIWVGRKXNNGBSKOPZS_2020-05-12            2.93%    passed     99.21%
  82  hCoV-19_DELIM-BHZUBFERLANCDLXAATZY_England_DELIM-BHZUBFERLANCDLXAATZY_CAMC-949F9C_DELIM-BHZUBFERLANCDLXAATZY_2020_DELIM-XWEIWVGRKXNNGBSKOPZS_2020-07-26_DELIM-XWEIWVGRKXNNGBSKOPZS_2020-09-28           1.98%    passed     99.90%
  83  hCoV-19_DELIM-BHZUBFERLANCDLXAATZY_England_DELIM-BHZUBFERLANCDLXAATZY_CAMC-B52453_DELIM-BHZUBFERLANCDLXAATZY_2020_DELIM-XWEIWVGRKXNNGBSKOPZS_2020-11-08_DELIM-XWEIWVGRKXNNGBSKOPZS_2020-11-25           1.98%    passed     99.91%
  84  hCoV-19_DELIM-BHZUBFERLANCDLXAATZY_England_DELIM-BHZUBFERLANCDLXAATZY_PORT-2D3972_DELIM-BHZUBFERLANCDLXAATZY_2020_DELIM-XWEIWVGRKXNNGBSKOPZS_2020-04-17_DELIM-XWEIWVGRKXNNGBSKOPZS_2020-09-10           5.72%    passed     99.26%
  85  hCoV-19_DELIM-BHZUBFERLANCDLXAATZY_England_DELIM-BHZUBFERLANCDLXAATZY_ALDP-908CA1_DELIM-BHZUBFERLANCDLXAATZY_2020_DELIM-XWEIWVGRKXNNGBSKOPZS_2020-06-22_DELIM-XWEIWVGRKXNNGBSKOPZS_2020-09-28           2.36%    passed     99.60%
  86  hCoV-19_DELIM-BHZUBFERLANCDLXAATZY_England_DELIM-BHZUBFERLANCDLXAATZY_MILK-99A3BE_DELIM-BHZUBFERLANCDLXAATZY_2020_DELIM-XWEIWVGRKXNNGBSKOPZS_2020-08-29_DELIM-XWEIWVGRKXNNGBSKOPZS_2020-09-28           1.98%    passed     99.87%
  87  hCoV-19_DELIM-BHZUBFERLANCDLXAATZY_USA_DELIM-BHZUBFERLANCDLXAATZY_MA-CDC-QDX22442643_DELIM-BHZUBFERLANCDLXAATZY_2021_DELIM-XWEIWVGRKXNNGBSKOPZS_2021-02-26_DELIM-XWEIWVGRKXNNGBSKOPZS_2021-03-15        1.98%    passed     99.90%
  88  hCoV-19_DELIM-BHZUBFERLANCDLXAATZY_England_DELIM-BHZUBFERLANCDLXAATZY_ALDP-A8723E_DELIM-BHZUBFERLANCDLXAATZY_2020_DELIM-XWEIWVGRKXNNGBSKOPZS_2020-10-14_DELIM-XWEIWVGRKXNNGBSKOPZS_2020-11-02           1.98%    passed     99.82%
  89  hCoV-19_DELIM-BHZUBFERLANCDLXAATZY_England_DELIM-BHZUBFERLANCDLXAATZY_MILK-112E92B_DELIM-BHZUBFERLANCDLXAATZY_2021_DELIM-XWEIWVGRKXNNGBSKOPZS_2021-01-21_DELIM-XWEIWVGRKXNNGBSKOPZS_2021-02-04          1.98%    passed     99.70%
  90  hCoV-19_DELIM-BHZUBFERLANCDLXAATZY_USA_DELIM-BHZUBFERLANCDLXAATZY_OH-CDC-QDX22758838_DELIM-BHZUBFERLANCDLXAATZY_2021_DELIM-XWEIWVGRKXNNGBSKOPZS_2021-03-07_DELIM-XWEIWVGRKXNNGBSKOPZS_2021-03-24        1.98%    passed     99.83%
  91  hCoV-19_DELIM-BHZUBFERLANCDLXAATZY_England_DELIM-BHZUBFERLANCDLXAATZY_NOTT-1117D9_DELIM-BHZUBFERLANCDLXAATZY_2020_DELIM-XWEIWVGRKXNNGBSKOPZS_2020-05-21_DELIM-XWEIWVGRKXNNGBSKOPZS_2020-06-06           2.76%    passed     99.86%
  92  hCoV-19_DELIM-BHZUBFERLANCDLXAATZY_England_DELIM-BHZUBFERLANCDLXAATZY_SHEF-C5DB5_DELIM-BHZUBFERLANCDLXAATZY_2020_DELIM-XWEIWVGRKXNNGBSKOPZS_2020-04-16_DELIM-XWEIWVGRKXNNGBSKOPZS_2020-05-19            4.61%    passed     99.39%
  93  hCoV-19_DELIM-BHZUBFERLANCDLXAATZY_England_DELIM-BHZUBFERLANCDLXAATZY_ALDP-CF159E_DELIM-BHZUBFERLANCDLXAATZY_2020_DELIM-XWEIWVGRKXNNGBSKOPZS_2020-12-18_DELIM-XWEIWVGRKXNNGBSKOPZS_2021-01-08           1.98%    passed     99.54%
  94  hCoV-19_DELIM-BHZUBFERLANCDLXAATZY_Scotland_DELIM-BHZUBFERLANCDLXAATZY_CVR896_DELIM-BHZUBFERLANCDLXAATZY_2020_DELIM-XWEIWVGRKXNNGBSKOPZS_2020-03-27_DELIM-XWEIWVGRKXNNGBSKOPZS_2020-05-12               2.96%    passed     99.00%
  95  hCoV-19_DELIM-BHZUBFERLANCDLXAATZY_England_DELIM-BHZUBFERLANCDLXAATZY_CAMB-1B4116_DELIM-BHZUBFERLANCDLXAATZY_2020_DELIM-XWEIWVGRKXNNGBSKOPZS_2020-06-01_DELIM-XWEIWVGRKXNNGBSKOPZS_2020-06-23           6.44%    passed     89.33%
  96  hCoV-19_DELIM-BHZUBFERLANCDLXAATZY_England_DELIM-BHZUBFERLANCDLXAATZY_MILK-804F61_DELIM-BHZUBFERLANCDLXAATZY_2020_DELIM-XWEIWVGRKXNNGBSKOPZS_2020-07-16_DELIM-XWEIWVGRKXNNGBSKOPZS_2020-09-28           1.98%    passed     99.81%
  97  hCoV-19_DELIM-BHZUBFERLANCDLXAATZY_England_DELIM-BHZUBFERLANCDLXAATZY_ALDP-9CD7A7_DELIM-BHZUBFERLANCDLXAATZY_2020_DELIM-XWEIWVGRKXNNGBSKOPZS_2020-09-15_DELIM-XWEIWVGRKXNNGBSKOPZS_2020-10-01           1.98%    passed     99.84%
  98  hCoV-19_DELIM-BHZUBFERLANCDLXAATZY_England_DELIM-BHZUBFERLANCDLXAATZY_QEUH-9F5542_DELIM-BHZUBFERLANCDLXAATZY_2020_DELIM-XWEIWVGRKXNNGBSKOPZS_2020-09-25_DELIM-XWEIWVGRKXNNGBSKOPZS_2020-10-20           1.98%    passed     99.69%
  99  hCoV-19_DELIM-BHZUBFERLANCDLXAATZY_Scotland_DELIM-BHZUBFERLANCDLXAATZY_CVR3308_DELIM-BHZUBFERLANCDLXAATZY_2020_DELIM-XWEIWVGRKXNNGBSKOPZS_2020-05-01_DELIM-XWEIWVGRKXNNGBSKOPZS_2020-07-21              4.00%    passed     99.91%
 100  hCoV-19_DELIM-BHZUBFERLANCDLXAATZY_England_DELIM-BHZUBFERLANCDLXAATZY_ALDP-119C533_DELIM-BHZUBFERLANCDLXAATZY_2021_DELIM-XWEIWVGRKXNNGBSKOPZS_2021-01-27_DELIM-XWEIWVGRKXNNGBSKOPZS_2021-02-08          1.98%    passed     99.67%
 101  hCoV-19_DELIM-BHZUBFERLANCDLXAATZY_England_DELIM-BHZUBFERLANCDLXAATZY_CAMB-75604_DELIM-BHZUBFERLANCDLXAATZY_2020_DELIM-XWEIWVGRKXNNGBSKOPZS_2020-03-16_DELIM-XWEIWVGRKXNNGBSKOPZS_2020-04-14            9.55%    passed     99.52%
 102  hCoV-19_DELIM-BHZUBFERLANCDLXAATZY_England_DELIM-BHZUBFERLANCDLXAATZY_LOND-D3B32_DELIM-BHZUBFERLANCDLXAATZY_2020_DELIM-XWEIWVGRKXNNGBSKOPZS_2020-04-04_DELIM-XWEIWVGRKXNNGBSKOPZS_2020-05-19            2.21%    passed     99.90%
 103  hCoV-19_DELIM-BHZUBFERLANCDLXAATZY_England_DELIM-BHZUBFERLANCDLXAATZY_ALDP-C25E96_DELIM-BHZUBFERLANCDLXAATZY_2020_DELIM-XWEIWVGRKXNNGBSKOPZS_2020-12-06_DELIM-XWEIWVGRKXNNGBSKOPZS_2021-01-08           1.98%    passed     99.93%
 104  hCoV-19_DELIM-BHZUBFERLANCDLXAATZY_England_DELIM-BHZUBFERLANCDLXAATZY_MILK-BA9A6A_DELIM-BHZUBFERLANCDLXAATZY_2020_DELIM-XWEIWVGRKXNNGBSKOPZS_2020-11-17_DELIM-XWEIWVGRKXNNGBSKOPZS_2020-12-08           1.98%    passed     99.71%
 105  hCoV-19_DELIM-BHZUBFERLANCDLXAATZY_England_DELIM-BHZUBFERLANCDLXAATZY_QEUH-C1A68D_DELIM-BHZUBFERLANCDLXAATZY_2020_DELIM-XWEIWVGRKXNNGBSKOPZS_2020-12-07_DELIM-XWEIWVGRKXNNGBSKOPZS_2021-01-11           1.98%    passed     99.97%
 106  hCoV-19_DELIM-BHZUBFERLANCDLXAATZY_England_DELIM-BHZUBFERLANCDLXAATZY_MILK-B89A06_DELIM-BHZUBFERLANCDLXAATZY_2020_DELIM-XWEIWVGRKXNNGBSKOPZS_2020-11-13_DELIM-XWEIWVGRKXNNGBSKOPZS_2020-12-04           2.03%    passed     99.77%
 107  hCoV-19_DELIM-BHZUBFERLANCDLXAATZY_England_DELIM-BHZUBFERLANCDLXAATZY_CAMC-B7794A_DELIM-BHZUBFERLANCDLXAATZY_2020_DELIM-XWEIWVGRKXNNGBSKOPZS_2020-11-11_DELIM-XWEIWVGRKXNNGBSKOPZS_2020-11-30           1.98%    passed     99.96%
 108  hCoV-19_DELIM-BHZUBFERLANCDLXAATZY_England_DELIM-BHZUBFERLANCDLXAATZY_PORT-1E7C6A2_DELIM-BHZUBFERLANCDLXAATZY_2020_DELIM-XWEIWVGRKXNNGBSKOPZS_2020-12-05_DELIM-XWEIWVGRKXNNGBSKOPZS_2021-05-10          2.84%    passed     98.09%
 109  hCoV-19_DELIM-BHZUBFERLANCDLXAATZY_England_DELIM-BHZUBFERLANCDLXAATZY_LIVE-1D2877_DELIM-BHZUBFERLANCDLXAATZY_2020_DELIM-XWEIWVGRKXNNGBSKOPZS_2020-08-16_DELIM-XWEIWVGRKXNNGBSKOPZS_2020-09-14           8.49%    passed     92.94%
 110  hCoV-19_DELIM-BHZUBFERLANCDLXAATZY_England_DELIM-BHZUBFERLANCDLXAATZY_QEUH-A0B9C4_DELIM-BHZUBFERLANCDLXAATZY_2020_DELIM-XWEIWVGRKXNNGBSKOPZS_2020-10-01_DELIM-XWEIWVGRKXNNGBSKOPZS_2020-10-27           1.98%    passed     99.93%
 111  hCoV-19_DELIM-BHZUBFERLANCDLXAATZY_Scotland_DELIM-BHZUBFERLANCDLXAATZY_QEUH-BEAF22_DELIM-BHZUBFERLANCDLXAATZY_2020_DELIM-XWEIWVGRKXNNGBSKOPZS_2020-12-04_DELIM-XWEIWVGRKXNNGBSKOPZS_2020-12-18          1.98%    passed    100.00%
 112  hCoV-19_DELIM-BHZUBFERLANCDLXAATZY_England_DELIM-BHZUBFERLANCDLXAATZY_MILK-9710C5_DELIM-BHZUBFERLANCDLXAATZY_2020_DELIM-XWEIWVGRKXNNGBSKOPZS_2020-08-17_DELIM-XWEIWVGRKXNNGBSKOPZS_2020-09-28           1.98%    passed     99.98%
 113  hCoV-19_DELIM-BHZUBFERLANCDLXAATZY_England_DELIM-BHZUBFERLANCDLXAATZY_MILK-9733E8_DELIM-BHZUBFERLANCDLXAATZY_2020_DELIM-XWEIWVGRKXNNGBSKOPZS_2020-08-19_DELIM-XWEIWVGRKXNNGBSKOPZS_2020-10-08           3.12%    passed     99.89%
 114  hCoV-19_DELIM-BHZUBFERLANCDLXAATZY_England_DELIM-BHZUBFERLANCDLXAATZY_MILK-11C98CB_DELIM-BHZUBFERLANCDLXAATZY_2021_DELIM-XWEIWVGRKXNNGBSKOPZS_2021-01-31_DELIM-XWEIWVGRKXNNGBSKOPZS_2021-02-23          1.98%    passed     99.92%
 115  hCoV-19_DELIM-BHZUBFERLANCDLXAATZY_England_DELIM-BHZUBFERLANCDLXAATZY_ALDP-9FCEE6_DELIM-BHZUBFERLANCDLXAATZY_2020_DELIM-XWEIWVGRKXNNGBSKOPZS_2020-10-01_DELIM-XWEIWVGRKXNNGBSKOPZS_2020-10-20           3.91%    passed     99.38%
 116  hCoV-19_DELIM-BHZUBFERLANCDLXAATZY_England_DELIM-BHZUBFERLANCDLXAATZY_CAMC-B0ABFB_DELIM-BHZUBFERLANCDLXAATZY_2020_DELIM-XWEIWVGRKXNNGBSKOPZS_2020-10-29_DELIM-XWEIWVGRKXNNGBSKOPZS_2020-11-18           1.98%    passed     99.86%
 117  hCoV-19_DELIM-BHZUBFERLANCDLXAATZY_England_DELIM-BHZUBFERLANCDLXAATZY_ALDP-C889EB_DELIM-BHZUBFERLANCDLXAATZY_2020_DELIM-XWEIWVGRKXNNGBSKOPZS_2020-12-17_DELIM-XWEIWVGRKXNNGBSKOPZS_2021-01-04           1.98%    passed    100.00%
 118  hCoV-19_DELIM-BHZUBFERLANCDLXAATZY_USA_DELIM-BHZUBFERLANCDLXAATZY_VA-CDC-QDX22359319_DELIM-BHZUBFERLANCDLXAATZY_2021_DELIM-XWEIWVGRKXNNGBSKOPZS_2021-02-23_DELIM-XWEIWVGRKXNNGBSKOPZS_2021-03-15        1.98%    passed     99.89%
 119  hCoV-19_DELIM-BHZUBFERLANCDLXAATZY_USA_DELIM-BHZUBFERLANCDLXAATZY_NV-CDC-QDX22165027_DELIM-BHZUBFERLANCDLXAATZY_2021_DELIM-XWEIWVGRKXNNGBSKOPZS_2021-02-18_DELIM-XWEIWVGRKXNNGBSKOPZS_2021-03-04        2.86%    passed     98.88%
 120  hCoV-19_DELIM-BHZUBFERLANCDLXAATZY_England_DELIM-BHZUBFERLANCDLXAATZY_MILK-A17DAB_DELIM-BHZUBFERLANCDLXAATZY_2020_DELIM-XWEIWVGRKXNNGBSKOPZS_2020-10-01_DELIM-XWEIWVGRKXNNGBSKOPZS_2020-10-26           1.98%    passed     99.90%
 121  hCoV-19_DELIM-BHZUBFERLANCDLXAATZY_England_DELIM-BHZUBFERLANCDLXAATZY_TFCI-26FA9B7_DELIM-BHZUBFERLANCDLXAATZY_2020_DELIM-XWEIWVGRKXNNGBSKOPZS_2020-12-31_DELIM-XWEIWVGRKXNNGBSKOPZS_2021-01-14          1.99%    passed     99.98%
 122  hCoV-19_DELIM-BHZUBFERLANCDLXAATZY_England_DELIM-BHZUBFERLANCDLXAATZY_CAMC-B34141_DELIM-BHZUBFERLANCDLXAATZY_2020_DELIM-XWEIWVGRKXNNGBSKOPZS_2020-11-05_DELIM-XWEIWVGRKXNNGBSKOPZS_2020-11-25           1.98%    passed     99.94%
 123  hCoV-19_DELIM-BHZUBFERLANCDLXAATZY_England_DELIM-BHZUBFERLANCDLXAATZY_LIVE-99C53_DELIM-BHZUBFERLANCDLXAATZY_2020_DELIM-XWEIWVGRKXNNGBSKOPZS_2020-04-13_DELIM-XWEIWVGRKXNNGBSKOPZS_2020-05-12            8.06%    passed     84.04%
 124  hCoV-19_DELIM-BHZUBFERLANCDLXAATZY_England_DELIM-BHZUBFERLANCDLXAATZY_LCST-24D6A47_DELIM-BHZUBFERLANCDLXAATZY_2020_DELIM-XWEIWVGRKXNNGBSKOPZS_2020-06-04_DELIM-XWEIWVGRKXNNGBSKOPZS_2020-06-30          2.79%    passed     95.87%
 125  hCoV-19_DELIM-BHZUBFERLANCDLXAATZY_England_DELIM-BHZUBFERLANCDLXAATZY_CAMC-1179068_DELIM-BHZUBFERLANCDLXAATZY_2021_DELIM-XWEIWVGRKXNNGBSKOPZS_2021-01-14_DELIM-XWEIWVGRKXNNGBSKOPZS_2021-02-15          1.98%    passed     99.89%
 126  hCoV-19_DELIM-BHZUBFERLANCDLXAATZY_England_DELIM-BHZUBFERLANCDLXAATZY_NOTT-122178_DELIM-BHZUBFERLANCDLXAATZY_2021_DELIM-XWEIWVGRKXNNGBSKOPZS_2021-01-02_DELIM-XWEIWVGRKXNNGBSKOPZS_2021-01-14           1.99%    passed     99.98%
 127  hCoV-19_DELIM-BHZUBFERLANCDLXAATZY_England_DELIM-BHZUBFERLANCDLXAATZY_ALDP-1344046_DELIM-BHZUBFERLANCDLXAATZY_2021_DELIM-XWEIWVGRKXNNGBSKOPZS_2021-02-24_DELIM-XWEIWVGRKXNNGBSKOPZS_2021-03-11          1.98%    passed     99.88%
 128  hCoV-19_DELIM-BHZUBFERLANCDLXAATZY_England_DELIM-BHZUBFERLANCDLXAATZY_ALDP-118B449_DELIM-BHZUBFERLANCDLXAATZY_2021_DELIM-XWEIWVGRKXNNGBSKOPZS_2021-01-24_DELIM-XWEIWVGRKXNNGBSKOPZS_2021-02-08          1.98%    passed     99.99%
 129  hCoV-19_DELIM-BHZUBFERLANCDLXAATZY_England_DELIM-BHZUBFERLANCDLXAATZY_MILK-BDC49D_DELIM-BHZUBFERLANCDLXAATZY_2020_DELIM-XWEIWVGRKXNNGBSKOPZS_2020-11-26_DELIM-XWEIWVGRKXNNGBSKOPZS_2020-12-17           2.42%    passed     99.99%
 130  hCoV-19_DELIM-BHZUBFERLANCDLXAATZY_USA_DELIM-BHZUBFERLANCDLXAATZY_PA-CDC-LC0033712_DELIM-BHZUBFERLANCDLXAATZY_2021_DELIM-XWEIWVGRKXNNGBSKOPZS_2021-03-18_DELIM-XWEIWVGRKXNNGBSKOPZS_2021-04-08          4.95%    passed     96.06%
 131  hCoV-19_DELIM-BHZUBFERLANCDLXAATZY_USA_DELIM-BHZUBFERLANCDLXAATZY_PA-CDC-LC0001378_DELIM-BHZUBFERLANCDLXAATZY_2020_DELIM-XWEIWVGRKXNNGBSKOPZS_2020-12-26_DELIM-XWEIWVGRKXNNGBSKOPZS_2021-10-08         24.02%    passed     84.18%
 132  hCoV-19_DELIM-BHZUBFERLANCDLXAATZY_USA_DELIM-BHZUBFERLANCDLXAATZY_TX-CDC-QDX22357952_DELIM-BHZUBFERLANCDLXAATZY_2021_DELIM-XWEIWVGRKXNNGBSKOPZS_2021-02-22_DELIM-XWEIWVGRKXNNGBSKOPZS_2021-03-15        2.81%    passed     99.17%
 133  hCoV-19_DELIM-BHZUBFERLANCDLXAATZY_England_DELIM-BHZUBFERLANCDLXAATZY_CAMC-B0A469_DELIM-BHZUBFERLANCDLXAATZY_2020_DELIM-XWEIWVGRKXNNGBSKOPZS_2020-10-29_DELIM-XWEIWVGRKXNNGBSKOPZS_2020-12-04           2.32%    passed     99.99%
 134  hCoV-19_DELIM-BHZUBFERLANCDLXAATZY_Scotland_DELIM-BHZUBFERLANCDLXAATZY_QEUH-15293A6_DELIM-BHZUBFERLANCDLXAATZY_2021_DELIM-XWEIWVGRKXNNGBSKOPZS_2021-04-21_DELIM-XWEIWVGRKXNNGBSKOPZS_2021-05-03         1.98%    passed     99.74%
 135  hCoV-19_DELIM-BHZUBFERLANCDLXAATZY_USA_DELIM-BHZUBFERLANCDLXAATZY_NJ-CDC-LC0035859_DELIM-BHZUBFERLANCDLXAATZY_2021_DELIM-XWEIWVGRKXNNGBSKOPZS_2021-03-26_DELIM-XWEIWVGRKXNNGBSKOPZS_2021-04-15          9.05%    passed     97.18%
 136  hCoV-19_DELIM-BHZUBFERLANCDLXAATZY_England_DELIM-BHZUBFERLANCDLXAATZY_MILK-1C53694_DELIM-BHZUBFERLANCDLXAATZY_2021_DELIM-XWEIWVGRKXNNGBSKOPZS_2021-08-19_DELIM-XWEIWVGRKXNNGBSKOPZS_2021-08-29          9.45%    passed     88.23%
 137  hCoV-19_DELIM-BHZUBFERLANCDLXAATZY_England_DELIM-BHZUBFERLANCDLXAATZY_MILK-163717D_DELIM-BHZUBFERLANCDLXAATZY_2021_DELIM-XWEIWVGRKXNNGBSKOPZS_2021-06-06_DELIM-XWEIWVGRKXNNGBSKOPZS_2021-06-14          3.43%    passed     98.87%
 138  hCoV-19_DELIM-BHZUBFERLANCDLXAATZY_England_DELIM-BHZUBFERLANCDLXAATZY_PHEC-3K0B4K33_DELIM-BHZUBFERLANCDLXAATZY_2021_DELIM-XWEIWVGRKXNNGBSKOPZS_2021-09-18_DELIM-XWEIWVGRKXNNGBSKOPZS_2021-10-18        11.22%    passed     85.47%
 139  hCoV-19_DELIM-BHZUBFERLANCDLXAATZY_England_DELIM-BHZUBFERLANCDLXAATZY_ALDP-B5C134_DELIM-BHZUBFERLANCDLXAATZY_2020_DELIM-XWEIWVGRKXNNGBSKOPZS_2020-11-08_DELIM-XWEIWVGRKXNNGBSKOPZS_2020-11-25           1.99%    passed     99.98%
 140  hCoV-19_DELIM-BHZUBFERLANCDLXAATZY_USA_DELIM-BHZUBFERLANCDLXAATZY_AZ-CDC-LC0033842_DELIM-BHZUBFERLANCDLXAATZY_2021_DELIM-XWEIWVGRKXNNGBSKOPZS_2021-03-17_DELIM-XWEIWVGRKXNNGBSKOPZS_2021-09-21          8.53%    passed     88.12%
 141  hCoV-19_DELIM-BHZUBFERLANCDLXAATZY_USA_DELIM-BHZUBFERLANCDLXAATZY_IN-CDC-QDX30855991_DELIM-BHZUBFERLANCDLXAATZY_2021_DELIM-XWEIWVGRKXNNGBSKOPZS_2021-11-05_DELIM-XWEIWVGRKXNNGBSKOPZS_2021-11-26        2.25%    passed     99.99%
 142  hCoV-19_DELIM-BHZUBFERLANCDLXAATZY_England_DELIM-BHZUBFERLANCDLXAATZY_ALDP-1B9F5EB_DELIM-BHZUBFERLANCDLXAATZY_2021_DELIM-XWEIWVGRKXNNGBSKOPZS_2021-08-12_DELIM-XWEIWVGRKXNNGBSKOPZS_2021-08-20          2.54%    passed     99.42%
 143  hCoV-19_DELIM-BHZUBFERLANCDLXAATZY_England_DELIM-BHZUBFERLANCDLXAATZY_MILK-17B35A9_DELIM-BHZUBFERLANCDLXAATZY_2021_DELIM-XWEIWVGRKXNNGBSKOPZS_2021-06-22_DELIM-XWEIWVGRKXNNGBSKOPZS_2021-07-02          2.94%    passed     98.62%
 144  hCoV-19_DELIM-BHZUBFERLANCDLXAATZY_England_DELIM-BHZUBFERLANCDLXAATZY_PHEP-YYBYUBK_DELIM-BHZUBFERLANCDLXAATZY_2021_DELIM-XWEIWVGRKXNNGBSKOPZS_2021-10-03_DELIM-XWEIWVGRKXNNGBSKOPZS_2021-10-18          9.35%    passed     94.65%
 145  hCoV-19_DELIM-BHZUBFERLANCDLXAATZY_England_DELIM-BHZUBFERLANCDLXAATZY_MILK-17A7748_DELIM-BHZUBFERLANCDLXAATZY_2021_DELIM-XWEIWVGRKXNNGBSKOPZS_2021-06-23_DELIM-XWEIWVGRKXNNGBSKOPZS_2021-07-02          2.02%    passed     99.97%
 146  hCoV-19_DELIM-BHZUBFERLANCDLXAATZY_England_DELIM-BHZUBFERLANCDLXAATZY_NEWC-1B3E900_DELIM-BHZUBFERLANCDLXAATZY_2021_DELIM-XWEIWVGRKXNNGBSKOPZS_2021-08-06_DELIM-XWEIWVGRKXNNGBSKOPZS_2021-09-06          2.02%    passed     99.90%
 147  hCoV-19_DELIM-BHZUBFERLANCDLXAATZY_England_DELIM-BHZUBFERLANCDLXAATZY_MILK-1FAE424_DELIM-BHZUBFERLANCDLXAATZY_2021_DELIM-XWEIWVGRKXNNGBSKOPZS_2021-09-27_DELIM-XWEIWVGRKXNNGBSKOPZS_2021-10-04          2.02%    passed     99.97%
 148  hCoV-19_DELIM-BHZUBFERLANCDLXAATZY_USA_DELIM-BHZUBFERLANCDLXAATZY_VT-CDC-QDX30084951_DELIM-BHZUBFERLANCDLXAATZY_2021_DELIM-XWEIWVGRKXNNGBSKOPZS_2021-10-13_DELIM-XWEIWVGRKXNNGBSKOPZS_2021-10-29        2.02%    passed     99.93%
 149  hCoV-19_DELIM-BHZUBFERLANCDLXAATZY_Scotland_DELIM-BHZUBFERLANCDLXAATZY_MILK-1DEC27D_DELIM-BHZUBFERLANCDLXAATZY_2021_DELIM-XWEIWVGRKXNNGBSKOPZS_2021-09-07_DELIM-XWEIWVGRKXNNGBSKOPZS_2021-09-15         2.02%    passed     99.98%
 150  hCoV-19_DELIM-BHZUBFERLANCDLXAATZY_Scotland_DELIM-BHZUBFERLANCDLXAATZY_EDB29989_DELIM-BHZUBFERLANCDLXAATZY_2021_DELIM-XWEIWVGRKXNNGBSKOPZS_2021-11-09_DELIM-XWEIWVGRKXNNGBSKOPZS_2021-12-02             3.89%    passed     97.99%
 151  hCoV-19_DELIM-BHZUBFERLANCDLXAATZY_England_DELIM-BHZUBFERLANCDLXAATZY_MILK-1EEAA76_DELIM-BHZUBFERLANCDLXAATZY_2021_DELIM-XWEIWVGRKXNNGBSKOPZS_2021-09-20_DELIM-XWEIWVGRKXNNGBSKOPZS_2021-09-27          2.02%    passed     99.99%
 152  hCoV-19_DELIM-BHZUBFERLANCDLXAATZY_England_DELIM-BHZUBFERLANCDLXAATZY_MILK-174A5F2_DELIM-BHZUBFERLANCDLXAATZY_2021_DELIM-XWEIWVGRKXNNGBSKOPZS_2021-06-19_DELIM-XWEIWVGRKXNNGBSKOPZS_2021-06-28          2.39%    passed     99.17%
 153  hCoV-19_DELIM-BHZUBFERLANCDLXAATZY_England_DELIM-BHZUBFERLANCDLXAATZY_PHEP-037641_DELIM-BHZUBFERLANCDLXAATZY_2021_DELIM-XWEIWVGRKXNNGBSKOPZS_2021-09-18_DELIM-XWEIWVGRKXNNGBSKOPZS_2021-10-04           5.71%    passed     99.53%
 154  hCoV-19_DELIM-BHZUBFERLANCDLXAATZY_USA_DELIM-BHZUBFERLANCDLXAATZY_TX-CDC-QDX30320167_DELIM-BHZUBFERLANCDLXAATZY_2021_DELIM-XWEIWVGRKXNNGBSKOPZS_2021-10-23_DELIM-XWEIWVGRKXNNGBSKOPZS_2021-11-05        2.94%    passed     98.22%
 155  hCoV-19_DELIM-BHZUBFERLANCDLXAATZY_England_DELIM-BHZUBFERLANCDLXAATZY_MILK-1B3225C_DELIM-BHZUBFERLANCDLXAATZY_2021_DELIM-XWEIWVGRKXNNGBSKOPZS_2021-08-08_DELIM-XWEIWVGRKXNNGBSKOPZS_2021-08-16          2.03%    passed     99.91%
 156  hCoV-19_DELIM-BHZUBFERLANCDLXAATZY_England_DELIM-BHZUBFERLANCDLXAATZY_PHEC-L307L4A0_DELIM-BHZUBFERLANCDLXAATZY_2021_DELIM-XWEIWVGRKXNNGBSKOPZS_2021_DELIM-XWEIWVGRKXNNGBSKOPZS_2021-06-30               2.94%    passed     97.77%
 157  hCoV-19_DELIM-BHZUBFERLANCDLXAATZY_USA_DELIM-BHZUBFERLANCDLXAATZY_LA-CDC-QDX26632947_DELIM-BHZUBFERLANCDLXAATZY_2021_DELIM-XWEIWVGRKXNNGBSKOPZS_2021-07-07_DELIM-XWEIWVGRKXNNGBSKOPZS_2021-08-03        2.02%    passed     99.85%
 158  hCoV-19_DELIM-BHZUBFERLANCDLXAATZY_England_DELIM-BHZUBFERLANCDLXAATZY_PHEP-032975_DELIM-BHZUBFERLANCDLXAATZY_2021_DELIM-XWEIWVGRKXNNGBSKOPZS_2021-09-07_DELIM-XWEIWVGRKXNNGBSKOPZS_2021-10-04           4.90%    passed     97.60%
 159  hCoV-19_DELIM-BHZUBFERLANCDLXAATZY_England_DELIM-BHZUBFERLANCDLXAATZY_PHEP-YYBCRMP_DELIM-BHZUBFERLANCDLXAATZY_2021_DELIM-XWEIWVGRKXNNGBSKOPZS_2021_DELIM-XWEIWVGRKXNNGBSKOPZS_2021-11-01                5.86%    passed     95.59%
 160  hCoV-19_DELIM-BHZUBFERLANCDLXAATZY_England_DELIM-BHZUBFERLANCDLXAATZY_PHEP-YYB5ET7_DELIM-BHZUBFERLANCDLXAATZY_2021_DELIM-XWEIWVGRKXNNGBSKOPZS_2021-11-02_DELIM-XWEIWVGRKXNNGBSKOPZS_2021-11-15          5.75%    passed     99.96%
 161  hCoV-19_DELIM-BHZUBFERLANCDLXAATZY_England_DELIM-BHZUBFERLANCDLXAATZY_MILK-20528B6_DELIM-BHZUBFERLANCDLXAATZY_2021_DELIM-XWEIWVGRKXNNGBSKOPZS_2021-10-05_DELIM-XWEIWVGRKXNNGBSKOPZS_2021-10-14          2.05%    passed     99.97%
 162  hCoV-19_DELIM-BHZUBFERLANCDLXAATZY_England_DELIM-BHZUBFERLANCDLXAATZY_MILK-19C002E_DELIM-BHZUBFERLANCDLXAATZY_2021_DELIM-XWEIWVGRKXNNGBSKOPZS_2021-07-21_DELIM-XWEIWVGRKXNNGBSKOPZS_2021-07-27          2.63%    passed     99.83%
 163  hCoV-19_DELIM-BHZUBFERLANCDLXAATZY_England_DELIM-BHZUBFERLANCDLXAATZY_MILK-973227_DELIM-BHZUBFERLANCDLXAATZY_2020_DELIM-XWEIWVGRKXNNGBSKOPZS_2020-08-20_DELIM-XWEIWVGRKXNNGBSKOPZS_2020-10-08           2.00%    passed     99.45%
 164  hCoV-19_DELIM-BHZUBFERLANCDLXAATZY_USA_DELIM-BHZUBFERLANCDLXAATZY_NH-CDC-LC0031624_DELIM-BHZUBFERLANCDLXAATZY_2021_DELIM-XWEIWVGRKXNNGBSKOPZS_2021-03-15_DELIM-XWEIWVGRKXNNGBSKOPZS_2021-04-02         11.79%    passed     85.39%
 165  hCoV-19_DELIM-BHZUBFERLANCDLXAATZY_England_DELIM-BHZUBFERLANCDLXAATZY_MILK-1563908_DELIM-BHZUBFERLANCDLXAATZY_2021_DELIM-XWEIWVGRKXNNGBSKOPZS_2021-05-08_DELIM-XWEIWVGRKXNNGBSKOPZS_2021-05-17          4.80%    passed     98.52%
 166  hCoV-19_DELIM-BHZUBFERLANCDLXAATZY_England_DELIM-BHZUBFERLANCDLXAATZY_CAMC-14D5F79_DELIM-BHZUBFERLANCDLXAATZY_2021_DELIM-XWEIWVGRKXNNGBSKOPZS_2021-04-05_DELIM-XWEIWVGRKXNNGBSKOPZS_2021-04-13          2.44%    passed     98.98%
 167  hCoV-19_DELIM-BHZUBFERLANCDLXAATZY_Wales_DELIM-BHZUBFERLANCDLXAATZY_CAMC-13B7257_DELIM-BHZUBFERLANCDLXAATZY_2021_DELIM-XWEIWVGRKXNNGBSKOPZS_2021-03-06_DELIM-XWEIWVGRKXNNGBSKOPZS_2021-03-24            2.22%    passed     99.96%
 168  hCoV-19_DELIM-BHZUBFERLANCDLXAATZY_USA_DELIM-BHZUBFERLANCDLXAATZY_VA-CDC-LC0050580_DELIM-BHZUBFERLANCDLXAATZY_2021_DELIM-XWEIWVGRKXNNGBSKOPZS_2021-04-21_DELIM-XWEIWVGRKXNNGBSKOPZS_2021-05-06          9.11%    passed     98.39%
 169  hCoV-19_DELIM-BHZUBFERLANCDLXAATZY_England_DELIM-BHZUBFERLANCDLXAATZY_CAMC-139C4DA_DELIM-BHZUBFERLANCDLXAATZY_2021_DELIM-XWEIWVGRKXNNGBSKOPZS_2021-03-08_DELIM-XWEIWVGRKXNNGBSKOPZS_2021-03-24          5.64%    passed     98.90%
 170  hCoV-19_DELIM-BHZUBFERLANCDLXAATZY_USA_DELIM-BHZUBFERLANCDLXAATZY_MA-CDC-QDX26177990_DELIM-BHZUBFERLANCDLXAATZY_2021_DELIM-XWEIWVGRKXNNGBSKOPZS_2021-06-23_DELIM-XWEIWVGRKXNNGBSKOPZS_2021-07-09        2.01%    passed     99.87%
 171  hCoV-19_DELIM-BHZUBFERLANCDLXAATZY_USA_DELIM-BHZUBFERLANCDLXAATZY_DC-CDC-LC0049228_DELIM-BHZUBFERLANCDLXAATZY_2021_DELIM-XWEIWVGRKXNNGBSKOPZS_2021-04-14_DELIM-XWEIWVGRKXNNGBSKOPZS_2021-04-29          5.71%    passed     99.20%
 172  hCoV-19_DELIM-BHZUBFERLANCDLXAATZY_England_DELIM-BHZUBFERLANCDLXAATZY_ALDP-137021E_DELIM-BHZUBFERLANCDLXAATZY_2021_DELIM-XWEIWVGRKXNNGBSKOPZS_2021-02-26_DELIM-XWEIWVGRKXNNGBSKOPZS_2021-03-15          2.99%    passed     99.96%
 173  hCoV-19_DELIM-BHZUBFERLANCDLXAATZY_England_DELIM-BHZUBFERLANCDLXAATZY_CAMC-144B71C_DELIM-BHZUBFERLANCDLXAATZY_2021_DELIM-XWEIWVGRKXNNGBSKOPZS_2021-03-23_DELIM-XWEIWVGRKXNNGBSKOPZS_2021-04-08          4.60%    passed     99.40%
 174  hCoV-19_DELIM-BHZUBFERLANCDLXAATZY_USA_DELIM-BHZUBFERLANCDLXAATZY_MA-CDC-LC0057546_DELIM-BHZUBFERLANCDLXAATZY_2021_DELIM-XWEIWVGRKXNNGBSKOPZS_2021-05-02_DELIM-XWEIWVGRKXNNGBSKOPZS_2021-09-21          2.33%    passed     99.89%
 175  hCoV-19_DELIM-BHZUBFERLANCDLXAATZY_Scotland_DELIM-BHZUBFERLANCDLXAATZY_QEUH-156AA95_DELIM-BHZUBFERLANCDLXAATZY_2021_DELIM-XWEIWVGRKXNNGBSKOPZS_2021-05-06_DELIM-XWEIWVGRKXNNGBSKOPZS_2021-05-24         2.50%    passed     99.58%
 176  hCoV-19_DELIM-BHZUBFERLANCDLXAATZY_England_DELIM-BHZUBFERLANCDLXAATZY_CAMC-14F84F9_DELIM-BHZUBFERLANCDLXAATZY_2021_DELIM-XWEIWVGRKXNNGBSKOPZS_2021-04-10_DELIM-XWEIWVGRKXNNGBSKOPZS_2021-04-20          2.47%    passed     99.89%
 177  hCoV-19_DELIM-BHZUBFERLANCDLXAATZY_England_DELIM-BHZUBFERLANCDLXAATZY_MILK-162AA45_DELIM-BHZUBFERLANCDLXAATZY_2021_DELIM-XWEIWVGRKXNNGBSKOPZS_2021-06-05_DELIM-XWEIWVGRKXNNGBSKOPZS_2021-06-14          3.81%    passed     99.56%
 178  hCoV-19_DELIM-BHZUBFERLANCDLXAATZY_USA_DELIM-BHZUBFERLANCDLXAATZY_UT-CDC-LC0059017_DELIM-BHZUBFERLANCDLXAATZY_2021_DELIM-XWEIWVGRKXNNGBSKOPZS_2021-05-06_DELIM-XWEIWVGRKXNNGBSKOPZS_2021-09-21          5.39%    passed     98.89%
 179  hCoV-19_DELIM-BHZUBFERLANCDLXAATZY_USA_DELIM-BHZUBFERLANCDLXAATZY_MI-CDC-ASC210363938_DELIM-BHZUBFERLANCDLXAATZY_2021_DELIM-XWEIWVGRKXNNGBSKOPZS_2021-10-14_DELIM-XWEIWVGRKXNNGBSKOPZS_2021-11-10       1.89%    passed     99.71%
 180  hCoV-19_DELIM-BHZUBFERLANCDLXAATZY_USA_DELIM-BHZUBFERLANCDLXAATZY_VA-CDC-ASC210240709_DELIM-BHZUBFERLANCDLXAATZY_2021_DELIM-XWEIWVGRKXNNGBSKOPZS_2021-07-21_DELIM-XWEIWVGRKXNNGBSKOPZS_2021-09-21       1.85%    passed     99.62%
 181  hCoV-19_DELIM-BHZUBFERLANCDLXAATZY_USA_DELIM-BHZUBFERLANCDLXAATZY_AR-CDC-ASC210406059_DELIM-BHZUBFERLANCDLXAATZY_2021_DELIM-XWEIWVGRKXNNGBSKOPZS_2021-09-13_DELIM-XWEIWVGRKXNNGBSKOPZS_2021-10-13       1.85%    passed     99.57%
 182  hCoV-19_DELIM-BHZUBFERLANCDLXAATZY_USA_DELIM-BHZUBFERLANCDLXAATZY_TX-CDC-ASC210083187_DELIM-BHZUBFERLANCDLXAATZY_2021_DELIM-XWEIWVGRKXNNGBSKOPZS_2021-09-08_DELIM-XWEIWVGRKXNNGBSKOPZS_2021-10-08       1.85%    passed     99.58%
 183  hCoV-19_DELIM-BHZUBFERLANCDLXAATZY_USA_DELIM-BHZUBFERLANCDLXAATZY_NC-CDC-ASC210324558_DELIM-BHZUBFERLANCDLXAATZY_2021_DELIM-XWEIWVGRKXNNGBSKOPZS_2021-10-02_DELIM-XWEIWVGRKXNNGBSKOPZS_2021-11-08       1.85%    passed     99.66%
 184  hCoV-19_DELIM-BHZUBFERLANCDLXAATZY_USA_DELIM-BHZUBFERLANCDLXAATZY_TN-CDC-ASC210131800_DELIM-BHZUBFERLANCDLXAATZY_2021_DELIM-XWEIWVGRKXNNGBSKOPZS_2021-09-05_DELIM-XWEIWVGRKXNNGBSKOPZS_2021-09-21       1.85%    passed     99.50%
 185  hCoV-19_DELIM-BHZUBFERLANCDLXAATZY_USA_DELIM-BHZUBFERLANCDLXAATZY_TX-CDC-ASC210174027_DELIM-BHZUBFERLANCDLXAATZY_2021_DELIM-XWEIWVGRKXNNGBSKOPZS_2021-08-26_DELIM-XWEIWVGRKXNNGBSKOPZS_2021-10-06       1.85%    passed     99.70%
 186  hCoV-19_DELIM-BHZUBFERLANCDLXAATZY_USA_DELIM-BHZUBFERLANCDLXAATZY_CA-CDC-ASC210120170_DELIM-BHZUBFERLANCDLXAATZY_2021_DELIM-XWEIWVGRKXNNGBSKOPZS_2021-08-20_DELIM-XWEIWVGRKXNNGBSKOPZS_2021-09-22       2.13%    passed     99.89%
 187  hCoV-19_DELIM-BHZUBFERLANCDLXAATZY_USA_DELIM-BHZUBFERLANCDLXAATZY_OH-CDC-ASC210130807_DELIM-BHZUBFERLANCDLXAATZY_2021_DELIM-XWEIWVGRKXNNGBSKOPZS_2021-09-07_DELIM-XWEIWVGRKXNNGBSKOPZS_2021-09-27       1.87%    passed     99.58%
 188  hCoV-19_DELIM-BHZUBFERLANCDLXAATZY_USA_DELIM-BHZUBFERLANCDLXAATZY_MO-CDC-ASC210192423_DELIM-BHZUBFERLANCDLXAATZY_2021_DELIM-XWEIWVGRKXNNGBSKOPZS_2021-08-14_DELIM-XWEIWVGRKXNNGBSKOPZS_2021-09-13       1.87%    passed     99.77%
 189  hCoV-19_DELIM-BHZUBFERLANCDLXAATZY_England_DELIM-BHZUBFERLANCDLXAATZY_PHEC-S30BS3BE_DELIM-BHZUBFERLANCDLXAATZY_2021_DELIM-XWEIWVGRKXNNGBSKOPZS_2021-08-08_DELIM-XWEIWVGRKXNNGBSKOPZS_2021-08-30         1.91%    passed     99.53%
 190  hCoV-19_DELIM-BHZUBFERLANCDLXAATZY_USA_DELIM-BHZUBFERLANCDLXAATZY_CA-CDC-ASC210245698_DELIM-BHZUBFERLANCDLXAATZY_2021_DELIM-XWEIWVGRKXNNGBSKOPZS_2021-07-25_DELIM-XWEIWVGRKXNNGBSKOPZS_2021-08-31       1.88%    passed     99.42%
 191  hCoV-19_DELIM-BHZUBFERLANCDLXAATZY_USA_DELIM-BHZUBFERLANCDLXAATZY_WI-CDC-ASC210340114_DELIM-BHZUBFERLANCDLXAATZY_2021_DELIM-XWEIWVGRKXNNGBSKOPZS_2021-10-07_DELIM-XWEIWVGRKXNNGBSKOPZS_2021-11-08       1.85%    passed     99.65%
 192  hCoV-19_DELIM-BHZUBFERLANCDLXAATZY_USA_DELIM-BHZUBFERLANCDLXAATZY_CO-CDC-ASC210095273_DELIM-BHZUBFERLANCDLXAATZY_2021_DELIM-XWEIWVGRKXNNGBSKOPZS_2021-09-25_DELIM-XWEIWVGRKXNNGBSKOPZS_2021-11-10       2.15%    passed     98.77%
 193  hCoV-19_DELIM-BHZUBFERLANCDLXAATZY_USA_DELIM-BHZUBFERLANCDLXAATZY_FL-CDC-ASC210110661_DELIM-BHZUBFERLANCDLXAATZY_2021_DELIM-XWEIWVGRKXNNGBSKOPZS_2021-06-21_DELIM-XWEIWVGRKXNNGBSKOPZS_2021-09-21       2.69%    passed     99.67%
 194  hCoV-19_DELIM-BHZUBFERLANCDLXAATZY_USA_DELIM-BHZUBFERLANCDLXAATZY_IL-CDC-ASC210039701_DELIM-BHZUBFERLANCDLXAATZY_2021_DELIM-XWEIWVGRKXNNGBSKOPZS_2021-03-31_DELIM-XWEIWVGRKXNNGBSKOPZS_2021-09-21       1.75%    passed     99.98%
 195  hCoV-19_DELIM-BHZUBFERLANCDLXAATZY_USA_DELIM-BHZUBFERLANCDLXAATZY_NY-CDC-ASC210005927_DELIM-BHZUBFERLANCDLXAATZY_2021_DELIM-XWEIWVGRKXNNGBSKOPZS_2021-03-13_DELIM-XWEIWVGRKXNNGBSKOPZS_2021-04-12       1.75%    passed     99.56%
 196  hCoV-19_DELIM-BHZUBFERLANCDLXAATZY_USA_DELIM-BHZUBFERLANCDLXAATZY_NC-CDC-LC0007128_DELIM-BHZUBFERLANCDLXAATZY_2021_DELIM-XWEIWVGRKXNNGBSKOPZS_2021-01-18_DELIM-XWEIWVGRKXNNGBSKOPZS_2021-10-08         12.07%    passed     95.94%
 197  hCoV-19_DELIM-BHZUBFERLANCDLXAATZY_USA_DELIM-BHZUBFERLANCDLXAATZY_CA-CDC-ASC210061368_DELIM-BHZUBFERLANCDLXAATZY_2021_DELIM-XWEIWVGRKXNNGBSKOPZS_2021-05-07_DELIM-XWEIWVGRKXNNGBSKOPZS_2021-05-20       1.75%    passed     99.44%
 198  hCoV-19_DELIM-BHZUBFERLANCDLXAATZY_USA_DELIM-BHZUBFERLANCDLXAATZY_TX-CDC-LC0034652_DELIM-BHZUBFERLANCDLXAATZY_2021_DELIM-XWEIWVGRKXNNGBSKOPZS_2021-03-19_DELIM-XWEIWVGRKXNNGBSKOPZS_2021-04-08          2.21%    passed     99.91%
 199  hCoV-19_DELIM-BHZUBFERLANCDLXAATZY_England_DELIM-BHZUBFERLANCDLXAATZY_TFCI-26FCAD0_DELIM-BHZUBFERLANCDLXAATZY_2020_DELIM-XWEIWVGRKXNNGBSKOPZS_2020-12-16_DELIM-XWEIWVGRKXNNGBSKOPZS_2021-04-05          4.86%    passed     97.71%
 200  hCoV-19_DELIM-BHZUBFERLANCDLXAATZY_England_DELIM-BHZUBFERLANCDLXAATZY_PHEC-33F5CA_DELIM-BHZUBFERLANCDLXAATZY_2021_DELIM-XWEIWVGRKXNNGBSKOPZS_2021_DELIM-XWEIWVGRKXNNGBSKOPZS_2021-08-09                 8.70%    passed     73.10%
 201  hCoV-19_DELIM-BHZUBFERLANCDLXAATZY_USA_DELIM-BHZUBFERLANCDLXAATZY_MN-CDC-IBX499014803900_DELIM-BHZUBFERLANCDLXAATZY_2021_DELIM-XWEIWVGRKXNNGBSKOPZS_2021-08-27_DELIM-XWEIWVGRKXNNGBSKOPZS_2021-09-16    2.56%    passed     99.17%
 202  hCoV-19_DELIM-BHZUBFERLANCDLXAATZY_USA_DELIM-BHZUBFERLANCDLXAATZY_MN-CDC-IBX483304223918_DELIM-BHZUBFERLANCDLXAATZY_2021_DELIM-XWEIWVGRKXNNGBSKOPZS_2021-11-17_DELIM-XWEIWVGRKXNNGBSKOPZS_2021-12-09    2.87%    passed     99.46%
 203  hCoV-19_DELIM-BHZUBFERLANCDLXAATZY_USA_DELIM-BHZUBFERLANCDLXAATZY_ID-CDC-IBX717687903707_DELIM-BHZUBFERLANCDLXAATZY_2021_DELIM-XWEIWVGRKXNNGBSKOPZS_2021-09-25_DELIM-XWEIWVGRKXNNGBSKOPZS_2021-10-07    2.49%    passed     99.85%
 204  hCoV-19_DELIM-BHZUBFERLANCDLXAATZY_England_DELIM-BHZUBFERLANCDLXAATZY_PHEC-YYB1BDU_DELIM-BHZUBFERLANCDLXAATZY_2021_DELIM-XWEIWVGRKXNNGBSKOPZS_2021-11-30_DELIM-XWEIWVGRKXNNGBSKOPZS_2021-12-16          1.90%    passed     99.09%
 205  hCoV-19_DELIM-BHZUBFERLANCDLXAATZY_USA_DELIM-BHZUBFERLANCDLXAATZY_CA-CDC-FG-117802_DELIM-BHZUBFERLANCDLXAATZY_2021_DELIM-XWEIWVGRKXNNGBSKOPZS_2021-09-09_DELIM-XWEIWVGRKXNNGBSKOPZS_2021-10-15          2.56%    passed     98.36%
 206  hCoV-19_DELIM-BHZUBFERLANCDLXAATZY_USA_DELIM-BHZUBFERLANCDLXAATZY_PA-CDC-ASC210381548_DELIM-BHZUBFERLANCDLXAATZY_2021_DELIM-XWEIWVGRKXNNGBSKOPZS_2021-09-29_DELIM-XWEIWVGRKXNNGBSKOPZS_2021-11-08       1.88%    passed     99.98%
 207  hCoV-19_DELIM-BHZUBFERLANCDLXAATZY_England_DELIM-BHZUBFERLANCDLXAATZY_PHEC-YYBOTD8_DELIM-BHZUBFERLANCDLXAATZY_2021_DELIM-XWEIWVGRKXNNGBSKOPZS_2021_DELIM-XWEIWVGRKXNNGBSKOPZS_2021-12-02                1.95%    passed     99.98%
 208  hCoV-19_DELIM-BHZUBFERLANCDLXAATZY_USA_DELIM-BHZUBFERLANCDLXAATZY_NJ-CDC-ASC210385070_DELIM-BHZUBFERLANCDLXAATZY_2021_DELIM-XWEIWVGRKXNNGBSKOPZS_2021-11-01_DELIM-XWEIWVGRKXNNGBSKOPZS_2021-11-20       2.74%    passed     99.61%
 209  hCoV-19_DELIM-BHZUBFERLANCDLXAATZY_England_DELIM-BHZUBFERLANCDLXAATZY_PHEC-V303VEF1_DELIM-BHZUBFERLANCDLXAATZY_2021_DELIM-XWEIWVGRKXNNGBSKOPZS_2021-07-21_DELIM-XWEIWVGRKXNNGBSKOPZS_2021-09-06         1.89%    passed     99.81%
 210  hCoV-19_DELIM-BHZUBFERLANCDLXAATZY_USA_DELIM-BHZUBFERLANCDLXAATZY_TX-CDC-LC0144819_DELIM-BHZUBFERLANCDLXAATZY_2021_DELIM-XWEIWVGRKXNNGBSKOPZS_2021-07-19_DELIM-XWEIWVGRKXNNGBSKOPZS_2021-08-20          2.95%    passed     99.04%
 211  hCoV-19_DELIM-BHZUBFERLANCDLXAATZY_USA_DELIM-BHZUBFERLANCDLXAATZY_KY-CDC-LC0303637_DELIM-BHZUBFERLANCDLXAATZY_2021_DELIM-XWEIWVGRKXNNGBSKOPZS_2021-09-23_DELIM-XWEIWVGRKXNNGBSKOPZS_2021-10-15         11.35%    passed     31.49%
 212  hCoV-19_DELIM-BHZUBFERLANCDLXAATZY_USA_DELIM-BHZUBFERLANCDLXAATZY_SC-CDC-LC0196446_DELIM-BHZUBFERLANCDLXAATZY_2021_DELIM-XWEIWVGRKXNNGBSKOPZS_2021-08-16_DELIM-XWEIWVGRKXNNGBSKOPZS_2021-09-13          3.08%    passed     94.90%
 213  hCoV-19_DELIM-BHZUBFERLANCDLXAATZY_USA_DELIM-BHZUBFERLANCDLXAATZY_GA-CDC-MMB09561429_DELIM-BHZUBFERLANCDLXAATZY_2021_DELIM-XWEIWVGRKXNNGBSKOPZS_2021-08-03_DELIM-XWEIWVGRKXNNGBSKOPZS_2021-09-17        1.97%    passed     99.80%
 214  hCoV-19_DELIM-BHZUBFERLANCDLXAATZY_USA_DELIM-BHZUBFERLANCDLXAATZY_OH-CDC-MMB11403851_DELIM-BHZUBFERLANCDLXAATZY_2021_DELIM-XWEIWVGRKXNNGBSKOPZS_2021-11-03_DELIM-XWEIWVGRKXNNGBSKOPZS_2021-12-06        1.97%    passed     99.89%
 215  hCoV-19_DELIM-BHZUBFERLANCDLXAATZY_USA_DELIM-BHZUBFERLANCDLXAATZY_SC-CDC-MMB10546091_DELIM-BHZUBFERLANCDLXAATZY_2021_DELIM-XWEIWVGRKXNNGBSKOPZS_2021-09-19_DELIM-XWEIWVGRKXNNGBSKOPZS_2021-10-18        2.40%    passed     99.84%
 216  hCoV-19_DELIM-BHZUBFERLANCDLXAATZY_USA_DELIM-BHZUBFERLANCDLXAATZY_GA-CDC-MMB10393306_DELIM-BHZUBFERLANCDLXAATZY_2021_DELIM-XWEIWVGRKXNNGBSKOPZS_2021-09-13_DELIM-XWEIWVGRKXNNGBSKOPZS_2021-10-12        2.20%    passed     99.93%
 217  hCoV-19_DELIM-BHZUBFERLANCDLXAATZY_USA_DELIM-BHZUBFERLANCDLXAATZY_CA-CDC-LC0159150_DELIM-BHZUBFERLANCDLXAATZY_2021_DELIM-XWEIWVGRKXNNGBSKOPZS_2021-07-31_DELIM-XWEIWVGRKXNNGBSKOPZS_2021-08-23          2.03%    passed     99.51%
 218  hCoV-19_DELIM-BHZUBFERLANCDLXAATZY_USA_DELIM-BHZUBFERLANCDLXAATZY_TX-CDC-LC0203028_DELIM-BHZUBFERLANCDLXAATZY_2021_DELIM-XWEIWVGRKXNNGBSKOPZS_2021-08-11_DELIM-XWEIWVGRKXNNGBSKOPZS_2021-09-13          5.37%    passed     99.47%
 219  hCoV-19_DELIM-BHZUBFERLANCDLXAATZY_USA_DELIM-BHZUBFERLANCDLXAATZY_CA-CDC-LC0213492_DELIM-BHZUBFERLANCDLXAATZY_2021_DELIM-XWEIWVGRKXNNGBSKOPZS_2021-08-15_DELIM-XWEIWVGRKXNNGBSKOPZS_2021-09-13          2.03%    passed     99.65%
 220  hCoV-19_DELIM-BHZUBFERLANCDLXAATZY_USA_DELIM-BHZUBFERLANCDLXAATZY_CA-CDC-LC0352792_DELIM-BHZUBFERLANCDLXAATZY_2021_DELIM-XWEIWVGRKXNNGBSKOPZS_2021-10-16_DELIM-XWEIWVGRKXNNGBSKOPZS_2021-11-09          2.03%    passed     99.31%
 221  hCoV-19_DELIM-BHZUBFERLANCDLXAATZY_USA_DELIM-BHZUBFERLANCDLXAATZY_MN-CDC-IBX747800485760_DELIM-BHZUBFERLANCDLXAATZY_2021_DELIM-XWEIWVGRKXNNGBSKOPZS_2021-04-20_DELIM-XWEIWVGRKXNNGBSKOPZS_2021-05-13    2.66%    passed     99.74%
 222  hCoV-19_DELIM-BHZUBFERLANCDLXAATZY_USA_DELIM-BHZUBFERLANCDLXAATZY_MA-CDC-STM-000045534_DELIM-BHZUBFERLANCDLXAATZY_2021_DELIM-XWEIWVGRKXNNGBSKOPZS_2021-03-28_DELIM-XWEIWVGRKXNNGBSKOPZS_2021-04-13      1.88%    passed     99.93%
 223  hCoV-19_DELIM-BHZUBFERLANCDLXAATZY_USA_DELIM-BHZUBFERLANCDLXAATZY_CA-CDC-STM-000062190_DELIM-BHZUBFERLANCDLXAATZY_2021_DELIM-XWEIWVGRKXNNGBSKOPZS_2021-04-23_DELIM-XWEIWVGRKXNNGBSKOPZS_2021-05-11      1.88%    passed     99.94%
 224  hCoV-19_DELIM-BHZUBFERLANCDLXAATZY_USA_DELIM-BHZUBFERLANCDLXAATZY_CA-CDC-ASC210278157_DELIM-BHZUBFERLANCDLXAATZY_2021_DELIM-XWEIWVGRKXNNGBSKOPZS_2021-08-07_DELIM-XWEIWVGRKXNNGBSKOPZS_2021-08-27       1.90%    passed     99.63%
 225  hCoV-19_DELIM-BHZUBFERLANCDLXAATZY_England_DELIM-BHZUBFERLANCDLXAATZY_MILK-1A616FF_DELIM-BHZUBFERLANCDLXAATZY_2021_DELIM-XWEIWVGRKXNNGBSKOPZS_2021-07-29_DELIM-XWEIWVGRKXNNGBSKOPZS_2021-08-04          2.04%    passed     99.77%
 226  hCoV-19_DELIM-BHZUBFERLANCDLXAATZY_USA_DELIM-BHZUBFERLANCDLXAATZY_ID-CDC-IBX649302214488_DELIM-BHZUBFERLANCDLXAATZY_2021_DELIM-XWEIWVGRKXNNGBSKOPZS_2021-03-18_DELIM-XWEIWVGRKXNNGBSKOPZS_2021-04-08    2.02%    passed     96.69%
 227  hCoV-19_DELIM-BHZUBFERLANCDLXAATZY_USA_DELIM-BHZUBFERLANCDLXAATZY_MA-CDC-ASC210508899_DELIM-BHZUBFERLANCDLXAATZY_2021_DELIM-XWEIWVGRKXNNGBSKOPZS_2021-11-28_DELIM-XWEIWVGRKXNNGBSKOPZS_2021-12-22       2.04%    passed     98.83%
 228  hCoV-19_DELIM-BHZUBFERLANCDLXAATZY_England_DELIM-BHZUBFERLANCDLXAATZY_MILK-2F07004_DELIM-BHZUBFERLANCDLXAATZY_2021_DELIM-XWEIWVGRKXNNGBSKOPZS_2021-12-16_DELIM-XWEIWVGRKXNNGBSKOPZS_2021-12-24          2.04%    passed     99.62%
 229  hCoV-19_DELIM-BHZUBFERLANCDLXAATZY_England_DELIM-BHZUBFERLANCDLXAATZY_BRBR-2DFD391_DELIM-BHZUBFERLANCDLXAATZY_2021_DELIM-XWEIWVGRKXNNGBSKOPZS_2021-12-09_DELIM-XWEIWVGRKXNNGBSKOPZS_2021-12-16          2.04%    passed     99.92%
 230  hCoV-19_DELIM-BHZUBFERLANCDLXAATZY_England_DELIM-BHZUBFERLANCDLXAATZY_ALDP-2D15348_DELIM-BHZUBFERLANCDLXAATZY_2021_DELIM-XWEIWVGRKXNNGBSKOPZS_2021-12-02_DELIM-XWEIWVGRKXNNGBSKOPZS_2021-12-11          2.04%    passed     99.78%
 231  hCoV-19_DELIM-BHZUBFERLANCDLXAATZY_England_DELIM-BHZUBFERLANCDLXAATZY_ALDP-2953A4D_DELIM-BHZUBFERLANCDLXAATZY_2021_DELIM-XWEIWVGRKXNNGBSKOPZS_2021-11-04_DELIM-XWEIWVGRKXNNGBSKOPZS_2021-11-12          2.04%    passed     99.78%
 232  hCoV-19_DELIM-BHZUBFERLANCDLXAATZY_England_DELIM-BHZUBFERLANCDLXAATZY_ARCH-001918H8_DELIM-BHZUBFERLANCDLXAATZY_2021_DELIM-XWEIWVGRKXNNGBSKOPZS_2021_DELIM-XWEIWVGRKXNNGBSKOPZS_2021-12-20              11.07%    passed     98.06%
 233  hCoV-19_DELIM-BHZUBFERLANCDLXAATZY_England_DELIM-BHZUBFERLANCDLXAATZY_ALDP-2CF6EA7_DELIM-BHZUBFERLANCDLXAATZY_2021_DELIM-XWEIWVGRKXNNGBSKOPZS_2021-12-01_DELIM-XWEIWVGRKXNNGBSKOPZS_2021-12-09          2.05%    passed     99.75%
 234  hCoV-19_DELIM-BHZUBFERLANCDLXAATZY_England_DELIM-BHZUBFERLANCDLXAATZY_MILK-2D43068_DELIM-BHZUBFERLANCDLXAATZY_2021_DELIM-XWEIWVGRKXNNGBSKOPZS_2021-12-05_DELIM-XWEIWVGRKXNNGBSKOPZS_2021-12-12          2.04%    passed     99.71%
 235  hCoV-19_DELIM-BHZUBFERLANCDLXAATZY_England_DELIM-BHZUBFERLANCDLXAATZY_MILK-2CB3E00_DELIM-BHZUBFERLANCDLXAATZY_2021_DELIM-XWEIWVGRKXNNGBSKOPZS_2021-12-01_DELIM-XWEIWVGRKXNNGBSKOPZS_2021-12-08          2.04%    passed     99.55%
 236  hCoV-19_DELIM-BHZUBFERLANCDLXAATZY_England_DELIM-BHZUBFERLANCDLXAATZY_MILK-2D7ED21_DELIM-BHZUBFERLANCDLXAATZY_2021_DELIM-XWEIWVGRKXNNGBSKOPZS_2021-12-06_DELIM-XWEIWVGRKXNNGBSKOPZS_2021-12-14          4.56%    passed     94.63%
 237  hCoV-19_DELIM-BHZUBFERLANCDLXAATZY_England_DELIM-BHZUBFERLANCDLXAATZY_ALDP-2D84793_DELIM-BHZUBFERLANCDLXAATZY_2021_DELIM-XWEIWVGRKXNNGBSKOPZS_2021-12-05_DELIM-XWEIWVGRKXNNGBSKOPZS_2021-12-14          2.04%    passed     99.48%
 238  hCoV-19_DELIM-BHZUBFERLANCDLXAATZY_England_DELIM-BHZUBFERLANCDLXAATZY_MILK-2B73BD9_DELIM-BHZUBFERLANCDLXAATZY_2021_DELIM-XWEIWVGRKXNNGBSKOPZS_2021-11-22_DELIM-XWEIWVGRKXNNGBSKOPZS_2021-11-29          2.05%    passed     97.45%
 239  hCoV-19_DELIM-BHZUBFERLANCDLXAATZY_Scotland_DELIM-BHZUBFERLANCDLXAATZY_QEUH-2A7B71A_DELIM-BHZUBFERLANCDLXAATZY_2021_DELIM-XWEIWVGRKXNNGBSKOPZS_2021-11-14_DELIM-XWEIWVGRKXNNGBSKOPZS_2021-11-21        10.01%    passed     88.05%
 240  hCoV-19_DELIM-BHZUBFERLANCDLXAATZY_USA_DELIM-BHZUBFERLANCDLXAATZY_CO-CDC-FG-029146_DELIM-BHZUBFERLANCDLXAATZY_2021_DELIM-XWEIWVGRKXNNGBSKOPZS_2021-04-23_DELIM-XWEIWVGRKXNNGBSKOPZS_2021-09-21          2.58%    passed     99.94%
 241  hCoV-19_DELIM-BHZUBFERLANCDLXAATZY_England_DELIM-BHZUBFERLANCDLXAATZY_PHEC-V305V062_DELIM-BHZUBFERLANCDLXAATZY_2021_DELIM-XWEIWVGRKXNNGBSKOPZS_2021-07-23_DELIM-XWEIWVGRKXNNGBSKOPZS_2021-09-06         1.92%    passed     99.66%
 242  hCoV-19_DELIM-BHZUBFERLANCDLXAATZY_USA_DELIM-BHZUBFERLANCDLXAATZY_CA-CDC-FG-101489_DELIM-BHZUBFERLANCDLXAATZY_2021_DELIM-XWEIWVGRKXNNGBSKOPZS_2021-08-25_DELIM-XWEIWVGRKXNNGBSKOPZS_2021-09-08          3.19%    passed     99.42%
 243  hCoV-19_DELIM-BHZUBFERLANCDLXAATZY_England_DELIM-BHZUBFERLANCDLXAATZY_BRBR-2C302B4_DELIM-BHZUBFERLANCDLXAATZY_2021_DELIM-XWEIWVGRKXNNGBSKOPZS_2021-11-26_DELIM-XWEIWVGRKXNNGBSKOPZS_2021-12-05          2.06%    passed     99.70%
 244  hCoV-19_DELIM-BHZUBFERLANCDLXAATZY_England_DELIM-BHZUBFERLANCDLXAATZY_BRBR-2DBD5C4_DELIM-BHZUBFERLANCDLXAATZY_2021_DELIM-XWEIWVGRKXNNGBSKOPZS_2021-12-08_DELIM-XWEIWVGRKXNNGBSKOPZS_2021-12-15          2.07%    passed     99.33%
 245  hCoV-19_DELIM-BHZUBFERLANCDLXAATZY_USA_DELIM-BHZUBFERLANCDLXAATZY_VA-CDC-LC0260064_DELIM-BHZUBFERLANCDLXAATZY_2021_DELIM-XWEIWVGRKXNNGBSKOPZS_2021-09-09_DELIM-XWEIWVGRKXNNGBSKOPZS_2021-09-24          4.24%    passed     86.44%
 246  hCoV-19_DELIM-BHZUBFERLANCDLXAATZY_England_DELIM-BHZUBFERLANCDLXAATZY_PHEC-3P033PE3_DELIM-BHZUBFERLANCDLXAATZY_2021_DELIM-XWEIWVGRKXNNGBSKOPZS_2021-10-21_DELIM-XWEIWVGRKXNNGBSKOPZS_2021-11-08         1.98%    passed     98.88%
 247  hCoV-19_DELIM-BHZUBFERLANCDLXAATZY_USA_DELIM-BHZUBFERLANCDLXAATZY_SC-CDC-LC0217643_DELIM-BHZUBFERLANCDLXAATZY_2021_DELIM-XWEIWVGRKXNNGBSKOPZS_2021-08-24_DELIM-XWEIWVGRKXNNGBSKOPZS_2021-09-16          6.14%    passed     51.62%
 248  hCoV-19_DELIM-BHZUBFERLANCDLXAATZY_USA_DELIM-BHZUBFERLANCDLXAATZY_MO-CDC-LC0384545_DELIM-BHZUBFERLANCDLXAATZY_2021_DELIM-XWEIWVGRKXNNGBSKOPZS_2021-11-08_DELIM-XWEIWVGRKXNNGBSKOPZS_2021-11-30          2.74%    passed     98.01%
 249  hCoV-19_DELIM-BHZUBFERLANCDLXAATZY_USA_DELIM-BHZUBFERLANCDLXAATZY_NY-CDC-LC0177186_DELIM-BHZUBFERLANCDLXAATZY_2021_DELIM-XWEIWVGRKXNNGBSKOPZS_2021-08-06_DELIM-XWEIWVGRKXNNGBSKOPZS_2021-08-27          4.59%    passed     90.04%
 250  KB-D-003                                                                                                                                                                                                1.79%    passed     99.40%
 251  hCoV-19_DELIM-BHZUBFERLANCDLXAATZY_England_DELIM-BHZUBFERLANCDLXAATZY_MILK-2F52E6A_DELIM-BHZUBFERLANCDLXAATZY_2021_DELIM-XWEIWVGRKXNNGBSKOPZS_2021-12-18_DELIM-XWEIWVGRKXNNGBSKOPZS_2021-12-26          3.07%    passed     99.55%
 252  hCoV-19_DELIM-BHZUBFERLANCDLXAATZY_England_DELIM-BHZUBFERLANCDLXAATZY_MILK-2DF642C_DELIM-BHZUBFERLANCDLXAATZY_2021_DELIM-XWEIWVGRKXNNGBSKOPZS_2021-12-09_DELIM-XWEIWVGRKXNNGBSKOPZS_2021-12-16          2.17%    passed     99.36%
 253  hCoV-19_DELIM-BHZUBFERLANCDLXAATZY_USA_DELIM-BHZUBFERLANCDLXAATZY_NC-CDC-LC0193231_DELIM-BHZUBFERLANCDLXAATZY_2021_DELIM-XWEIWVGRKXNNGBSKOPZS_2021-08-11_DELIM-XWEIWVGRKXNNGBSKOPZS_2021-08-27          2.36%    passed     96.50%
 254  hCoV-19_DELIM-BHZUBFERLANCDLXAATZY_USA_DELIM-BHZUBFERLANCDLXAATZY_CA-CDC-LC0146978_DELIM-BHZUBFERLANCDLXAATZY_2021_DELIM-XWEIWVGRKXNNGBSKOPZS_2021-07-27_DELIM-XWEIWVGRKXNNGBSKOPZS_2021-08-20          8.54%    passed     59.44%
 255  hCoV-19_DELIM-BHZUBFERLANCDLXAATZY_USA_DELIM-BHZUBFERLANCDLXAATZY_CA-CDC-FG-040606_DELIM-BHZUBFERLANCDLXAATZY_2021_DELIM-XWEIWVGRKXNNGBSKOPZS_2021-07-07_DELIM-XWEIWVGRKXNNGBSKOPZS_2021-07-20          2.37%    passed     99.43%
 256  hCoV-19_DELIM-BHZUBFERLANCDLXAATZY_USA_DELIM-BHZUBFERLANCDLXAATZY_OH-CDC-FG-052899_DELIM-BHZUBFERLANCDLXAATZY_2021_DELIM-XWEIWVGRKXNNGBSKOPZS_2021-07-22_DELIM-XWEIWVGRKXNNGBSKOPZS_2021-08-16          2.41%    passed     99.75%
 257  hCoV-19_DELIM-BHZUBFERLANCDLXAATZY_USA_DELIM-BHZUBFERLANCDLXAATZY_MD-CDC-ASC210000603_DELIM-BHZUBFERLANCDLXAATZY_2021_DELIM-XWEIWVGRKXNNGBSKOPZS_2021-03-02_DELIM-XWEIWVGRKXNNGBSKOPZS_2021-04-01       2.12%    passed     99.63%
 258  hCoV-19_DELIM-BHZUBFERLANCDLXAATZY_USA_DELIM-BHZUBFERLANCDLXAATZY_MI-CDC-ASC210063133_DELIM-BHZUBFERLANCDLXAATZY_2021_DELIM-XWEIWVGRKXNNGBSKOPZS_2021-05-13_DELIM-XWEIWVGRKXNNGBSKOPZS_2021-09-21       3.41%    passed     99.55%
 259  hCoV-19_DELIM-BHZUBFERLANCDLXAATZY_USA_DELIM-BHZUBFERLANCDLXAATZY_IL-CDC-ASC210012511_DELIM-BHZUBFERLANCDLXAATZY_2021_DELIM-XWEIWVGRKXNNGBSKOPZS_2021-03-19_DELIM-XWEIWVGRKXNNGBSKOPZS_2021-04-08       3.91%    passed     99.78%
 260  hCoV-19_DELIM-BHZUBFERLANCDLXAATZY_USA_DELIM-BHZUBFERLANCDLXAATZY_FL-CDC-IBX087500568539_DELIM-BHZUBFERLANCDLXAATZY_2021_DELIM-XWEIWVGRKXNNGBSKOPZS_2021-03-23_DELIM-XWEIWVGRKXNNGBSKOPZS_2021-04-22    4.25%    passed     98.96%
 261  hCoV-19_DELIM-BHZUBFERLANCDLXAATZY_USA_DELIM-BHZUBFERLANCDLXAATZY_TX-CDC-ASC210003988_DELIM-BHZUBFERLANCDLXAATZY_2021_DELIM-XWEIWVGRKXNNGBSKOPZS_2021-03-11_DELIM-XWEIWVGRKXNNGBSKOPZS_2021-05-24       4.57%    passed     98.43%
 262  hCoV-19_DELIM-BHZUBFERLANCDLXAATZY_England_DELIM-BHZUBFERLANCDLXAATZY_MILK-166AF1D_DELIM-BHZUBFERLANCDLXAATZY_2021_DELIM-XWEIWVGRKXNNGBSKOPZS_2021-06-09_DELIM-XWEIWVGRKXNNGBSKOPZS_2021-06-16          6.42%    passed     94.23%
 263  hCoV-19_DELIM-BHZUBFERLANCDLXAATZY_England_DELIM-BHZUBFERLANCDLXAATZY_MILK-1E42E25_DELIM-BHZUBFERLANCDLXAATZY_2021_DELIM-XWEIWVGRKXNNGBSKOPZS_2021-09-05_DELIM-XWEIWVGRKXNNGBSKOPZS_2021-09-27          3.18%    passed     97.84%
 264  hCoV-19_DELIM-BHZUBFERLANCDLXAATZY_USA_DELIM-BHZUBFERLANCDLXAATZY_WI-CDC-LC0275204_DELIM-BHZUBFERLANCDLXAATZY_2021_DELIM-XWEIWVGRKXNNGBSKOPZS_2021-09-02_DELIM-XWEIWVGRKXNNGBSKOPZS_2021-10-04          5.81%    passed     87.45%
 265  hCoV-19_DELIM-BHZUBFERLANCDLXAATZY_USA_DELIM-BHZUBFERLANCDLXAATZY_CA-CDC-ASC210012366_DELIM-BHZUBFERLANCDLXAATZY_2021_DELIM-XWEIWVGRKXNNGBSKOPZS_2021-03-19_DELIM-XWEIWVGRKXNNGBSKOPZS_2021-09-21       2.45%    passed     99.84%
 266  hCoV-19_DELIM-BHZUBFERLANCDLXAATZY_England_DELIM-BHZUBFERLANCDLXAATZY_ALDP-B630B5_DELIM-BHZUBFERLANCDLXAATZY_2020_DELIM-XWEIWVGRKXNNGBSKOPZS_2020-11-08_DELIM-XWEIWVGRKXNNGBSKOPZS_2020-11-25           9.72%    failed      2.50%
 267  hCoV-19_DELIM-BHZUBFERLANCDLXAATZY_USA_DELIM-BHZUBFERLANCDLXAATZY_IL-CDC-LC0100938_DELIM-BHZUBFERLANCDLXAATZY_2021_DELIM-XWEIWVGRKXNNGBSKOPZS_2021-07-12_DELIM-XWEIWVGRKXNNGBSKOPZS_2021-08-10          7.28%    passed     27.65%
 268  hCoV-19_DELIM-BHZUBFERLANCDLXAATZY_USA_DELIM-BHZUBFERLANCDLXAATZY_MA-CDC-LC0407550_DELIM-BHZUBFERLANCDLXAATZY_2021_DELIM-XWEIWVGRKXNNGBSKOPZS_2021-12-01_DELIM-XWEIWVGRKXNNGBSKOPZS_2021-12-21          4.50%    passed     98.17%
 269  hCoV-19_DELIM-BHZUBFERLANCDLXAATZY_England_DELIM-BHZUBFERLANCDLXAATZY_ALDP-A95F90_DELIM-BHZUBFERLANCDLXAATZY_2020_DELIM-XWEIWVGRKXNNGBSKOPZS_2020-10-19_DELIM-XWEIWVGRKXNNGBSKOPZS_2021-01-15           7.66%    passed     99.22%
 270  hCoV-19_DELIM-BHZUBFERLANCDLXAATZY_England_DELIM-BHZUBFERLANCDLXAATZY_PHEC-3066BA_DELIM-BHZUBFERLANCDLXAATZY_2021_DELIM-XWEIWVGRKXNNGBSKOPZS_2021_DELIM-XWEIWVGRKXNNGBSKOPZS_2021-06-30                10.74%    passed     98.67%
 271  hCoV-19_DELIM-BHZUBFERLANCDLXAATZY_USA_DELIM-BHZUBFERLANCDLXAATZY_CA-CDC-FG-145520_DELIM-BHZUBFERLANCDLXAATZY_2021_DELIM-XWEIWVGRKXNNGBSKOPZS_2021-10-06_DELIM-XWEIWVGRKXNNGBSKOPZS_2021-10-15          7.85%    passed     98.27%
****  TOTAL                                                                                                                                                                                                   3.33%  1 sequences failed composition chi2 test (p-value<5%; df=3)
NOTE: hCoV-19_DELIM-BHZUBFERLANCDLXAATZY_Wuhan_DELIM-BHZUBFERLANCDLXAATZY_Hu-1_DELIM-BHZUBFERLANCDLXAATZY_2019_DELIM-XWEIWVGRKXNNGBSKOPZS_2019-12-31_DELIM-XWEIWVGRKXNNGBSKOPZS_2020-01-12 is identical to Wuhan_DELIM-BHZUBFERLANCDLXAATZY_Hu-1_DELIM-BHZUBFERLANCDLXAATZY_2019 but kept for subsequent analysis
NOTE: hCoV-19_DELIM-BHZUBFERLANCDLXAATZY_Wuhan_DELIM-BHZUBFERLANCDLXAATZY_WH01_DELIM-BHZUBFERLANCDLXAATZY_2019_DELIM-XWEIWVGRKXNNGBSKOPZS_2019-12-26_DELIM-XWEIWVGRKXNNGBSKOPZS_2020-01-30 is identical to Wuhan_DELIM-BHZUBFERLANCDLXAATZY_WH01_DELIM-BHZUBFERLANCDLXAATZY_2019 but kept for subsequent analysis
Checking for duplicate sequences: done in 0.0106874 secs using 340% CPU

Create initial parsimony tree by phylogenetic likelihood library (PLL)... 0.005 seconds

NOTE: 117 MB RAM (0 GB) is required!
Estimate model parameters (epsilon = 0.500)
1. Initial log-likelihood: -98272.578
2. Current log-likelihood: -94790.513
3. Current log-likelihood: -94784.037
Optimal log-likelihood: -94784.030
Rate parameters:  A-C: 0.23166  A-G: 0.99214  A-T: 0.10035  C-G: 0.41039  C-T: 2.53554  G-T: 1.00000
Base frequencies:  A: 0.299  C: 0.183  G: 0.196  T: 0.322
Parameters optimization took 3 rounds (1.873 sec)
Wrote distance file to... 
Computing ML distances based on estimated model parameters...
Calculating distance matrix: done in 0.292668 secs using 800% CPU
Computing ML distances took 0.298965 sec (of wall-clock time) 2.382138 sec (of CPU time)
Setting up auxiliary I and S matrices: done in 0.000894492 secs using 510% CPU
Constructing RapidNJ tree: done in 0.21131 secs using 280.9% CPU
Computing RapidNJ tree took 0.212336 sec (of wall-clock time) 0.599452 sec (of CPU time)
Log-likelihood of RapidNJ tree: -69018.739
--------------------------------------------------------------------
|             INITIALIZING CANDIDATE TREE SET                      |
--------------------------------------------------------------------
Generating 8 parsimony trees... 0.128 second
Computing log-likelihood of 8 initial trees ... 0.981 seconds
Current best score: -69018.739

Do NNI search on 2 best initial trees
Optimizing NNI: done in 2.09102 secs using 796.3% CPU
Estimate model parameters (epsilon = 0.500)
BETTER TREE FOUND at iteration 1: -68719.197
Optimizing NNI: done in 9.8456 secs using 796.4% CPU
Finish initializing candidate tree set (12)
Current best tree score: -68719.197 / CPU time: 14.082
Number of iterations: 2
--------------------------------------------------------------------
|               OPTIMIZING CANDIDATE TREE SET                      |
--------------------------------------------------------------------
Optimizing NNI: done in 8.32778 secs using 794.9% CPU
Optimizing NNI: done in 2.77733 secs using 795% CPU
TREE SEARCH COMPLETED AFTER 4 ITERATIONS / Time: 0h:0m:28s

--------------------------------------------------------------------
|                    FINALIZING TREE SEARCH                        |
--------------------------------------------------------------------
Performs final model parameters optimization
Estimate model parameters (epsilon = 0.050)
1. Initial log-likelihood: -68719.197
Optimal log-likelihood: -68719.197
Rate parameters:  A-C: 0.26244  A-G: 0.91973  A-T: 0.12842  C-G: 0.21286  C-T: 2.84373  G-T: 1.00000
Base frequencies:  A: 0.299  C: 0.183  G: 0.196  T: 0.322
Parameters optimization took 1 rounds (0.334 sec)
BEST SCORE FOUND : -68719.197
Total tree length: 0.104

Total number of iterations: 4
CPU time used for tree search: 199.612 sec (0h:3m:19s)
Wall-clock time used for tree search: 25.266 sec (0h:0m:25s)
Total CPU time used: 228.115 sec (0h:3m:48s)
Total wall-clock time used: 29.054 sec (0h:0m:29s)

Analysis results written to: 
  IQ-TREE report:                augur/aligned-delim.fasta.iqtree
  Maximum-likelihood tree:       augur/aligned-delim.fasta.treefile
  Likelihood distances:          augur/aligned-delim.fasta.mldist
  Screen log file:               augur/aligned-delim.fasta.log

Date and Time: Tue Jan  4 00:50:18 2022
